2025-01-19 16:51:59 - paramiko.transport - DEBUG - starting thread (client mode): 0x94080a60
2025-01-19 16:51:59 - paramiko.transport - DEBUG - Local version/idstring: SSH-2.0-paramiko_3.5.0
2025-01-19 16:52:00 - paramiko.transport - DEBUG - Remote version/idstring: SSH-2.0-OpenSSH_9.7p1 Debian-5
2025-01-19 16:52:00 - paramiko.transport - INFO - Connected (version 2.0, client OpenSSH_9.7p1)
2025-01-19 16:52:00 - paramiko.transport - DEBUG - === Key exchange possibilities ===
2025-01-19 16:52:00 - paramiko.transport - DEBUG - kex algos: sntrup761x25519-sha512@openssh.com, curve25519-sha256, curve25519-sha256@libssh.org, ecdh-sha2-nistp256, ecdh-sha2-nistp384, ecdh-sha2-nistp521, diffie-hellman-group-exchange-sha256, diffie-hellman-group16-sha512, diffie-hellman-group18-sha512, diffie-hellman-group14-sha256, ext-info-s, kex-strict-s-v00@openssh.com
2025-01-19 16:52:00 - paramiko.transport - DEBUG - server key: rsa-sha2-512, rsa-sha2-256, ecdsa-sha2-nistp256, ssh-ed25519
2025-01-19 16:52:00 - paramiko.transport - DEBUG - client encrypt: chacha20-poly1305@openssh.com, aes128-ctr, aes192-ctr, aes256-ctr, aes128-gcm@openssh.com, aes256-gcm@openssh.com
2025-01-19 16:52:00 - paramiko.transport - DEBUG - server encrypt: chacha20-poly1305@openssh.com, aes128-ctr, aes192-ctr, aes256-ctr, aes128-gcm@openssh.com, aes256-gcm@openssh.com
2025-01-19 16:52:00 - paramiko.transport - DEBUG - client mac: umac-64-etm@openssh.com, umac-128-etm@openssh.com, hmac-sha2-256-etm@openssh.com, hmac-sha2-512-etm@openssh.com, hmac-sha1-etm@openssh.com, umac-64@openssh.com, umac-128@openssh.com, hmac-sha2-256, hmac-sha2-512, hmac-sha1
2025-01-19 16:52:00 - paramiko.transport - DEBUG - server mac: umac-64-etm@openssh.com, umac-128-etm@openssh.com, hmac-sha2-256-etm@openssh.com, hmac-sha2-512-etm@openssh.com, hmac-sha1-etm@openssh.com, umac-64@openssh.com, umac-128@openssh.com, hmac-sha2-256, hmac-sha2-512, hmac-sha1
2025-01-19 16:52:00 - paramiko.transport - DEBUG - client compress: none, zlib@openssh.com
2025-01-19 16:52:00 - paramiko.transport - DEBUG - server compress: none, zlib@openssh.com
2025-01-19 16:52:00 - paramiko.transport - DEBUG - client lang: <none>
2025-01-19 16:52:00 - paramiko.transport - DEBUG - server lang: <none>
2025-01-19 16:52:00 - paramiko.transport - DEBUG - kex follows: False
2025-01-19 16:52:00 - paramiko.transport - DEBUG - === Key exchange agreements ===
2025-01-19 16:52:00 - paramiko.transport - DEBUG - Strict kex mode: True
2025-01-19 16:52:00 - paramiko.transport - DEBUG - Kex: curve25519-sha256@libssh.org
2025-01-19 16:52:00 - paramiko.transport - DEBUG - HostKey: ssh-ed25519
2025-01-19 16:52:00 - paramiko.transport - DEBUG - Cipher: aes128-ctr
2025-01-19 16:52:00 - paramiko.transport - DEBUG - MAC: hmac-sha2-256
2025-01-19 16:52:00 - paramiko.transport - DEBUG - Compression: none
2025-01-19 16:52:00 - paramiko.transport - DEBUG - === End of kex handshake ===
2025-01-19 16:52:00 - paramiko.transport - DEBUG - Resetting outbound seqno after NEWKEYS due to strict mode
2025-01-19 16:52:00 - paramiko.transport - DEBUG - kex engine KexCurve25519 specified hash_algo <built-in function openssl_sha256>
2025-01-19 16:52:00 - paramiko.transport - DEBUG - Switch to new keys ...
2025-01-19 16:52:00 - paramiko.transport - DEBUG - Resetting inbound seqno after NEWKEYS due to strict mode
2025-01-19 16:52:00 - paramiko.transport - DEBUG - Adding ssh-ed25519 host key for [localhost]:2222: b'440556c707c76a120614a09ee00fa49e'
2025-01-19 16:52:00 - paramiko.transport - DEBUG - Got EXT_INFO: {'server-sig-algs': b'ssh-ed25519,ecdsa-sha2-nistp256,ecdsa-sha2-nistp384,ecdsa-sha2-nistp521,sk-ssh-ed25519@openssh.com,sk-ecdsa-sha2-nistp256@openssh.com,rsa-sha2-512,rsa-sha2-256', 'publickey-hostbound@openssh.com': b'0', 'ping@openssh.com': b'0'}
2025-01-19 16:52:00 - paramiko.transport - DEBUG - Trying SSH agent key b'e9b3221716ad2d332f8244713a244261'
2025-01-19 16:52:00 - paramiko.transport - DEBUG - userauth is OK
2025-01-19 16:52:00 - paramiko.transport - INFO - Authentication (publickey) failed.
2025-01-19 16:52:00 - paramiko.transport - DEBUG - Trying discovered key b'e9b3221716ad2d332f8244713a244261' in /home/vlab/.ssh/id_ed25519
2025-01-19 16:52:00 - paramiko.transport - DEBUG - userauth is OK
2025-01-19 16:52:00 - paramiko.transport - INFO - Authentication (publickey) failed.
2025-01-19 16:52:00 - paramiko.transport - DEBUG - userauth is OK
2025-01-19 16:52:01 - paramiko.transport - INFO - Authentication (password) successful!
2025-01-19 16:52:01 - paramiko.transport - DEBUG - [chan 0] Max packet in: 32768 bytes
2025-01-19 16:52:02 - paramiko.transport - DEBUG - Received global request "hostkeys-00@openssh.com"
2025-01-19 16:52:02 - paramiko.transport - DEBUG - Rejecting "hostkeys-00@openssh.com" global request from server.
2025-01-19 16:52:02 - paramiko.transport - DEBUG - [chan 0] Max packet out: 32768 bytes
2025-01-19 16:52:02 - paramiko.transport - DEBUG - Secsh channel 0 opened.
2025-01-19 16:52:02 - paramiko.transport - DEBUG - [chan 0] Sesch channel 0 request ok
2025-01-19 16:52:02 - paramiko.transport - DEBUG - [chan 0] EOF received (0)
2025-01-19 16:52:02 - paramiko.transport - DEBUG - [chan 0] EOF sent (0)
2025-01-19 16:52:02 - paramiko.transport - DEBUG - Dropping user packet because connection is dead.
2025-01-19 16:52:02 - root - DEBUG - Capturing initial mixer state...
2025-01-19 16:52:02 - paramiko.transport - DEBUG - starting thread (client mode): 0x94081810
2025-01-19 16:52:02 - paramiko.transport - DEBUG - Local version/idstring: SSH-2.0-paramiko_3.5.0
2025-01-19 16:52:03 - paramiko.transport - DEBUG - Remote version/idstring: SSH-2.0-OpenSSH_9.7p1 Debian-5
2025-01-19 16:52:03 - paramiko.transport - INFO - Connected (version 2.0, client OpenSSH_9.7p1)
2025-01-19 16:52:03 - paramiko.transport - DEBUG - === Key exchange possibilities ===
2025-01-19 16:52:03 - paramiko.transport - DEBUG - kex algos: sntrup761x25519-sha512@openssh.com, curve25519-sha256, curve25519-sha256@libssh.org, ecdh-sha2-nistp256, ecdh-sha2-nistp384, ecdh-sha2-nistp521, diffie-hellman-group-exchange-sha256, diffie-hellman-group16-sha512, diffie-hellman-group18-sha512, diffie-hellman-group14-sha256, ext-info-s, kex-strict-s-v00@openssh.com
2025-01-19 16:52:03 - paramiko.transport - DEBUG - server key: rsa-sha2-512, rsa-sha2-256, ecdsa-sha2-nistp256, ssh-ed25519
2025-01-19 16:52:03 - paramiko.transport - DEBUG - client encrypt: chacha20-poly1305@openssh.com, aes128-ctr, aes192-ctr, aes256-ctr, aes128-gcm@openssh.com, aes256-gcm@openssh.com
2025-01-19 16:52:03 - paramiko.transport - DEBUG - server encrypt: chacha20-poly1305@openssh.com, aes128-ctr, aes192-ctr, aes256-ctr, aes128-gcm@openssh.com, aes256-gcm@openssh.com
2025-01-19 16:52:03 - paramiko.transport - DEBUG - client mac: umac-64-etm@openssh.com, umac-128-etm@openssh.com, hmac-sha2-256-etm@openssh.com, hmac-sha2-512-etm@openssh.com, hmac-sha1-etm@openssh.com, umac-64@openssh.com, umac-128@openssh.com, hmac-sha2-256, hmac-sha2-512, hmac-sha1
2025-01-19 16:52:03 - paramiko.transport - DEBUG - server mac: umac-64-etm@openssh.com, umac-128-etm@openssh.com, hmac-sha2-256-etm@openssh.com, hmac-sha2-512-etm@openssh.com, hmac-sha1-etm@openssh.com, umac-64@openssh.com, umac-128@openssh.com, hmac-sha2-256, hmac-sha2-512, hmac-sha1
2025-01-19 16:52:03 - paramiko.transport - DEBUG - client compress: none, zlib@openssh.com
2025-01-19 16:52:03 - paramiko.transport - DEBUG - server compress: none, zlib@openssh.com
2025-01-19 16:52:03 - paramiko.transport - DEBUG - client lang: <none>
2025-01-19 16:52:03 - paramiko.transport - DEBUG - server lang: <none>
2025-01-19 16:52:03 - paramiko.transport - DEBUG - kex follows: False
2025-01-19 16:52:03 - paramiko.transport - DEBUG - === Key exchange agreements ===
2025-01-19 16:52:03 - paramiko.transport - DEBUG - Strict kex mode: True
2025-01-19 16:52:03 - paramiko.transport - DEBUG - Kex: curve25519-sha256@libssh.org
2025-01-19 16:52:03 - paramiko.transport - DEBUG - HostKey: ssh-ed25519
2025-01-19 16:52:03 - paramiko.transport - DEBUG - Cipher: aes128-ctr
2025-01-19 16:52:03 - paramiko.transport - DEBUG - MAC: hmac-sha2-256
2025-01-19 16:52:03 - paramiko.transport - DEBUG - Compression: none
2025-01-19 16:52:03 - paramiko.transport - DEBUG - === End of kex handshake ===
2025-01-19 16:52:03 - paramiko.transport - DEBUG - Resetting outbound seqno after NEWKEYS due to strict mode
2025-01-19 16:52:03 - paramiko.transport - DEBUG - kex engine KexCurve25519 specified hash_algo <built-in function openssl_sha256>
2025-01-19 16:52:03 - paramiko.transport - DEBUG - Switch to new keys ...
2025-01-19 16:52:03 - paramiko.transport - DEBUG - Resetting inbound seqno after NEWKEYS due to strict mode
2025-01-19 16:52:03 - paramiko.transport - DEBUG - Adding ssh-ed25519 host key for [localhost]:2222: b'440556c707c76a120614a09ee00fa49e'
2025-01-19 16:52:03 - paramiko.transport - DEBUG - Got EXT_INFO: {'server-sig-algs': b'ssh-ed25519,ecdsa-sha2-nistp256,ecdsa-sha2-nistp384,ecdsa-sha2-nistp521,sk-ssh-ed25519@openssh.com,sk-ecdsa-sha2-nistp256@openssh.com,rsa-sha2-512,rsa-sha2-256', 'publickey-hostbound@openssh.com': b'0', 'ping@openssh.com': b'0'}
2025-01-19 16:52:03 - paramiko.transport - DEBUG - Trying SSH agent key b'e9b3221716ad2d332f8244713a244261'
2025-01-19 16:52:03 - paramiko.transport - DEBUG - userauth is OK
2025-01-19 16:52:03 - paramiko.transport - INFO - Authentication (publickey) failed.
2025-01-19 16:52:03 - paramiko.transport - DEBUG - Trying discovered key b'e9b3221716ad2d332f8244713a244261' in /home/vlab/.ssh/id_ed25519
2025-01-19 16:52:03 - paramiko.transport - DEBUG - userauth is OK
2025-01-19 16:52:03 - paramiko.transport - INFO - Authentication (publickey) failed.
2025-01-19 16:52:03 - paramiko.transport - DEBUG - userauth is OK
2025-01-19 16:52:04 - paramiko.transport - INFO - Authentication (password) successful!
2025-01-19 16:52:04 - paramiko.transport - DEBUG - [chan 0] Max packet in: 32768 bytes
2025-01-19 16:52:05 - paramiko.transport - DEBUG - Received global request "hostkeys-00@openssh.com"
2025-01-19 16:52:05 - paramiko.transport - DEBUG - Rejecting "hostkeys-00@openssh.com" global request from server.
2025-01-19 16:52:05 - paramiko.transport - DEBUG - [chan 0] Max packet out: 32768 bytes
2025-01-19 16:52:05 - paramiko.transport - DEBUG - Secsh channel 0 opened.
2025-01-19 16:52:05 - paramiko.transport - DEBUG - [chan 0] Sesch channel 0 request ok
2025-01-19 16:52:05 - paramiko.transport - DEBUG - [chan 0] EOF received (0)
2025-01-19 16:52:05 - root - DEBUG - Initial Mixer State:
Simple mixer control 'Master',0
  Capabilities: pvolume pswitch
  Playback channels: Front Left - Front Right
  Limits: Playback 0 - 74
  Mono:
  Front Left: Playback 54 [73%] [-20.00dB] [on]
  Front Right: Playback 54 [73%] [-20.00dB] [on]
2025-01-19 16:52:05 - root - DEBUG - Setting left channel to 50% and right channel to 61%...
2025-01-19 16:52:05 - paramiko.transport - DEBUG - starting thread (client mode): 0x94082f50
2025-01-19 16:52:05 - paramiko.transport - DEBUG - Local version/idstring: SSH-2.0-paramiko_3.5.0
2025-01-19 16:52:06 - paramiko.transport - DEBUG - Remote version/idstring: SSH-2.0-OpenSSH_9.7p1 Debian-5
2025-01-19 16:52:06 - paramiko.transport - INFO - Connected (version 2.0, client OpenSSH_9.7p1)
2025-01-19 16:52:06 - paramiko.transport - DEBUG - === Key exchange possibilities ===
2025-01-19 16:52:06 - paramiko.transport - DEBUG - kex algos: sntrup761x25519-sha512@openssh.com, curve25519-sha256, curve25519-sha256@libssh.org, ecdh-sha2-nistp256, ecdh-sha2-nistp384, ecdh-sha2-nistp521, diffie-hellman-group-exchange-sha256, diffie-hellman-group16-sha512, diffie-hellman-group18-sha512, diffie-hellman-group14-sha256, ext-info-s, kex-strict-s-v00@openssh.com
2025-01-19 16:52:06 - paramiko.transport - DEBUG - server key: rsa-sha2-512, rsa-sha2-256, ecdsa-sha2-nistp256, ssh-ed25519
2025-01-19 16:52:06 - paramiko.transport - DEBUG - client encrypt: chacha20-poly1305@openssh.com, aes128-ctr, aes192-ctr, aes256-ctr, aes128-gcm@openssh.com, aes256-gcm@openssh.com
2025-01-19 16:52:06 - paramiko.transport - DEBUG - server encrypt: chacha20-poly1305@openssh.com, aes128-ctr, aes192-ctr, aes256-ctr, aes128-gcm@openssh.com, aes256-gcm@openssh.com
2025-01-19 16:52:06 - paramiko.transport - DEBUG - client mac: umac-64-etm@openssh.com, umac-128-etm@openssh.com, hmac-sha2-256-etm@openssh.com, hmac-sha2-512-etm@openssh.com, hmac-sha1-etm@openssh.com, umac-64@openssh.com, umac-128@openssh.com, hmac-sha2-256, hmac-sha2-512, hmac-sha1
2025-01-19 16:52:06 - paramiko.transport - DEBUG - server mac: umac-64-etm@openssh.com, umac-128-etm@openssh.com, hmac-sha2-256-etm@openssh.com, hmac-sha2-512-etm@openssh.com, hmac-sha1-etm@openssh.com, umac-64@openssh.com, umac-128@openssh.com, hmac-sha2-256, hmac-sha2-512, hmac-sha1
2025-01-19 16:52:06 - paramiko.transport - DEBUG - client compress: none, zlib@openssh.com
2025-01-19 16:52:06 - paramiko.transport - DEBUG - server compress: none, zlib@openssh.com
2025-01-19 16:52:06 - paramiko.transport - DEBUG - client lang: <none>
2025-01-19 16:52:06 - paramiko.transport - DEBUG - server lang: <none>
2025-01-19 16:52:06 - paramiko.transport - DEBUG - kex follows: False
2025-01-19 16:52:06 - paramiko.transport - DEBUG - === Key exchange agreements ===
2025-01-19 16:52:06 - paramiko.transport - DEBUG - Strict kex mode: True
2025-01-19 16:52:06 - paramiko.transport - DEBUG - Kex: curve25519-sha256@libssh.org
2025-01-19 16:52:06 - paramiko.transport - DEBUG - HostKey: ssh-ed25519
2025-01-19 16:52:06 - paramiko.transport - DEBUG - Cipher: aes128-ctr
2025-01-19 16:52:06 - paramiko.transport - DEBUG - MAC: hmac-sha2-256
2025-01-19 16:52:06 - paramiko.transport - DEBUG - Compression: none
2025-01-19 16:52:06 - paramiko.transport - DEBUG - === End of kex handshake ===
2025-01-19 16:52:06 - paramiko.transport - DEBUG - Resetting outbound seqno after NEWKEYS due to strict mode
2025-01-19 16:52:06 - paramiko.transport - DEBUG - kex engine KexCurve25519 specified hash_algo <built-in function openssl_sha256>
2025-01-19 16:52:06 - paramiko.transport - DEBUG - Switch to new keys ...
2025-01-19 16:52:06 - paramiko.transport - DEBUG - Resetting inbound seqno after NEWKEYS due to strict mode
2025-01-19 16:52:06 - paramiko.transport - DEBUG - Adding ssh-ed25519 host key for [localhost]:2222: b'440556c707c76a120614a09ee00fa49e'
2025-01-19 16:52:06 - paramiko.transport - DEBUG - Got EXT_INFO: {'server-sig-algs': b'ssh-ed25519,ecdsa-sha2-nistp256,ecdsa-sha2-nistp384,ecdsa-sha2-nistp521,sk-ssh-ed25519@openssh.com,sk-ecdsa-sha2-nistp256@openssh.com,rsa-sha2-512,rsa-sha2-256', 'publickey-hostbound@openssh.com': b'0', 'ping@openssh.com': b'0'}
2025-01-19 16:52:06 - paramiko.transport - DEBUG - Trying SSH agent key b'e9b3221716ad2d332f8244713a244261'
2025-01-19 16:52:06 - paramiko.transport - DEBUG - userauth is OK
2025-01-19 16:52:06 - paramiko.transport - INFO - Authentication (publickey) failed.
2025-01-19 16:52:06 - paramiko.transport - DEBUG - Trying discovered key b'e9b3221716ad2d332f8244713a244261' in /home/vlab/.ssh/id_ed25519
2025-01-19 16:52:06 - paramiko.transport - DEBUG - userauth is OK
2025-01-19 16:52:06 - paramiko.transport - INFO - Authentication (publickey) failed.
2025-01-19 16:52:06 - paramiko.transport - DEBUG - userauth is OK
2025-01-19 16:52:07 - paramiko.transport - INFO - Authentication (password) successful!
2025-01-19 16:52:07 - paramiko.transport - DEBUG - [chan 0] Max packet in: 32768 bytes
2025-01-19 16:52:07 - paramiko.transport - DEBUG - Received global request "hostkeys-00@openssh.com"
2025-01-19 16:52:07 - paramiko.transport - DEBUG - Rejecting "hostkeys-00@openssh.com" global request from server.
2025-01-19 16:52:07 - paramiko.transport - DEBUG - [chan 0] Max packet out: 32768 bytes
2025-01-19 16:52:07 - paramiko.transport - DEBUG - Secsh channel 0 opened.
2025-01-19 16:52:08 - paramiko.transport - DEBUG - [chan 0] Sesch channel 0 request ok
2025-01-19 16:52:08 - paramiko.transport - DEBUG - [chan 0] EOF received (0)
2025-01-19 16:52:08 - root - DEBUG - Set Volume Command Output:
Simple mixer control 'Master',0
  Capabilities: pvolume pswitch
  Playback channels: Front Left - Front Right
  Limits: Playback 0 - 74
  Mono:
  Front Left: Playback 37 [50%] [-37.00dB] [on]
  Front Right: Playback 45 [61%] [-29.00dB] [on]
2025-01-19 16:52:08 - root - DEBUG - Capturing mixer state after setting individual volumes...
2025-01-19 16:52:08 - paramiko.transport - DEBUG - starting thread (client mode): 0x93ec4a30
2025-01-19 16:52:08 - paramiko.transport - DEBUG - Local version/idstring: SSH-2.0-paramiko_3.5.0
2025-01-19 16:52:09 - paramiko.transport - DEBUG - Remote version/idstring: SSH-2.0-OpenSSH_9.7p1 Debian-5
2025-01-19 16:52:09 - paramiko.transport - INFO - Connected (version 2.0, client OpenSSH_9.7p1)
2025-01-19 16:52:09 - paramiko.transport - DEBUG - === Key exchange possibilities ===
2025-01-19 16:52:09 - paramiko.transport - DEBUG - kex algos: sntrup761x25519-sha512@openssh.com, curve25519-sha256, curve25519-sha256@libssh.org, ecdh-sha2-nistp256, ecdh-sha2-nistp384, ecdh-sha2-nistp521, diffie-hellman-group-exchange-sha256, diffie-hellman-group16-sha512, diffie-hellman-group18-sha512, diffie-hellman-group14-sha256, ext-info-s, kex-strict-s-v00@openssh.com
2025-01-19 16:52:09 - paramiko.transport - DEBUG - server key: rsa-sha2-512, rsa-sha2-256, ecdsa-sha2-nistp256, ssh-ed25519
2025-01-19 16:52:09 - paramiko.transport - DEBUG - client encrypt: chacha20-poly1305@openssh.com, aes128-ctr, aes192-ctr, aes256-ctr, aes128-gcm@openssh.com, aes256-gcm@openssh.com
2025-01-19 16:52:09 - paramiko.transport - DEBUG - server encrypt: chacha20-poly1305@openssh.com, aes128-ctr, aes192-ctr, aes256-ctr, aes128-gcm@openssh.com, aes256-gcm@openssh.com
2025-01-19 16:52:09 - paramiko.transport - DEBUG - client mac: umac-64-etm@openssh.com, umac-128-etm@openssh.com, hmac-sha2-256-etm@openssh.com, hmac-sha2-512-etm@openssh.com, hmac-sha1-etm@openssh.com, umac-64@openssh.com, umac-128@openssh.com, hmac-sha2-256, hmac-sha2-512, hmac-sha1
2025-01-19 16:52:09 - paramiko.transport - DEBUG - server mac: umac-64-etm@openssh.com, umac-128-etm@openssh.com, hmac-sha2-256-etm@openssh.com, hmac-sha2-512-etm@openssh.com, hmac-sha1-etm@openssh.com, umac-64@openssh.com, umac-128@openssh.com, hmac-sha2-256, hmac-sha2-512, hmac-sha1
2025-01-19 16:52:09 - paramiko.transport - DEBUG - client compress: none, zlib@openssh.com
2025-01-19 16:52:09 - paramiko.transport - DEBUG - server compress: none, zlib@openssh.com
2025-01-19 16:52:09 - paramiko.transport - DEBUG - client lang: <none>
2025-01-19 16:52:09 - paramiko.transport - DEBUG - server lang: <none>
2025-01-19 16:52:09 - paramiko.transport - DEBUG - kex follows: False
2025-01-19 16:52:09 - paramiko.transport - DEBUG - === Key exchange agreements ===
2025-01-19 16:52:09 - paramiko.transport - DEBUG - Strict kex mode: True
2025-01-19 16:52:09 - paramiko.transport - DEBUG - Kex: curve25519-sha256@libssh.org
2025-01-19 16:52:09 - paramiko.transport - DEBUG - HostKey: ssh-ed25519
2025-01-19 16:52:09 - paramiko.transport - DEBUG - Cipher: aes128-ctr
2025-01-19 16:52:09 - paramiko.transport - DEBUG - MAC: hmac-sha2-256
2025-01-19 16:52:09 - paramiko.transport - DEBUG - Compression: none
2025-01-19 16:52:09 - paramiko.transport - DEBUG - === End of kex handshake ===
2025-01-19 16:52:09 - paramiko.transport - DEBUG - Resetting outbound seqno after NEWKEYS due to strict mode
2025-01-19 16:52:09 - paramiko.transport - DEBUG - kex engine KexCurve25519 specified hash_algo <built-in function openssl_sha256>
2025-01-19 16:52:09 - paramiko.transport - DEBUG - Switch to new keys ...
2025-01-19 16:52:09 - paramiko.transport - DEBUG - Resetting inbound seqno after NEWKEYS due to strict mode
2025-01-19 16:52:09 - paramiko.transport - DEBUG - Adding ssh-ed25519 host key for [localhost]:2222: b'440556c707c76a120614a09ee00fa49e'
2025-01-19 16:52:09 - paramiko.transport - DEBUG - Got EXT_INFO: {'server-sig-algs': b'ssh-ed25519,ecdsa-sha2-nistp256,ecdsa-sha2-nistp384,ecdsa-sha2-nistp521,sk-ssh-ed25519@openssh.com,sk-ecdsa-sha2-nistp256@openssh.com,rsa-sha2-512,rsa-sha2-256', 'publickey-hostbound@openssh.com': b'0', 'ping@openssh.com': b'0'}
2025-01-19 16:52:09 - paramiko.transport - DEBUG - [chan 0] EOF sent (0)
2025-01-19 16:52:09 - paramiko.transport - DEBUG - Dropping user packet because connection is dead.
2025-01-19 16:52:09 - paramiko.transport - DEBUG - [chan 0] EOF sent (0)
2025-01-19 16:52:09 - paramiko.transport - DEBUG - Dropping user packet because connection is dead.
2025-01-19 16:52:09 - paramiko.transport - DEBUG - Trying SSH agent key b'e9b3221716ad2d332f8244713a244261'
2025-01-19 16:52:09 - paramiko.transport - DEBUG - userauth is OK
2025-01-19 16:52:09 - paramiko.transport - INFO - Authentication (publickey) failed.
2025-01-19 16:52:09 - paramiko.transport - DEBUG - Trying discovered key b'e9b3221716ad2d332f8244713a244261' in /home/vlab/.ssh/id_ed25519
2025-01-19 16:52:09 - paramiko.transport - DEBUG - userauth is OK
2025-01-19 16:52:09 - paramiko.transport - INFO - Authentication (publickey) failed.
2025-01-19 16:52:09 - paramiko.transport - DEBUG - userauth is OK
2025-01-19 16:52:10 - paramiko.transport - INFO - Authentication (password) successful!
2025-01-19 16:52:10 - paramiko.transport - DEBUG - [chan 0] Max packet in: 32768 bytes
2025-01-19 16:52:10 - paramiko.transport - DEBUG - Received global request "hostkeys-00@openssh.com"
2025-01-19 16:52:10 - paramiko.transport - DEBUG - Rejecting "hostkeys-00@openssh.com" global request from server.
2025-01-19 16:52:10 - paramiko.transport - DEBUG - [chan 0] Max packet out: 32768 bytes
2025-01-19 16:52:10 - paramiko.transport - DEBUG - Secsh channel 0 opened.
2025-01-19 16:52:10 - paramiko.transport - DEBUG - [chan 0] Sesch channel 0 request ok
2025-01-19 16:52:11 - paramiko.transport - DEBUG - [chan 0] EOF received (0)
2025-01-19 16:52:11 - paramiko.transport - DEBUG - [chan 0] EOF sent (0)
2025-01-19 16:52:11 - paramiko.transport - DEBUG - EOF in transport thread
2025-01-19 16:52:11 - root - DEBUG - Updated Mixer State:
Simple mixer control 'Master',0
  Capabilities: pvolume pswitch
  Playback channels: Front Left - Front Right
  Limits: Playback 0 - 74
  Mono:
  Front Left: Playback 37 [50%] [-37.00dB] [on]
  Front Right: Playback 45 [61%] [-29.00dB] [on]
2025-01-19 16:52:11 - root - DEBUG - Verification of the change:
2025-01-19 16:52:11 - root - DEBUG - Initial State:
Simple mixer control 'Master',0
  Capabilities: pvolume pswitch
  Playback channels: Front Left - Front Right
  Limits: Playback 0 - 74
  Mono:
  Front Left: Playback 54 [73%] [-20.00dB] [on]
  Front Right: Playback 54 [73%] [-20.00dB] [on]
2025-01-19 16:52:11 - root - DEBUG - Updated State:
Simple mixer control 'Master',0
  Capabilities: pvolume pswitch
  Playback channels: Front Left - Front Right
  Limits: Playback 0 - 74
  Mono:
  Front Left: Playback 37 [50%] [-37.00dB] [on]
  Front Right: Playback 45 [61%] [-29.00dB] [on]
2025-01-20 08:59:57 - paramiko.transport - DEBUG - starting thread (client mode): 0x35570fd0
2025-01-20 08:59:57 - paramiko.transport - DEBUG - Local version/idstring: SSH-2.0-paramiko_3.5.0
2025-01-20 08:59:57 - paramiko.transport - DEBUG - Remote version/idstring: SSH-2.0-OpenSSH_9.7p1 Debian-5
2025-01-20 08:59:57 - paramiko.transport - INFO - Connected (version 2.0, client OpenSSH_9.7p1)
2025-01-20 08:59:57 - paramiko.transport - DEBUG - === Key exchange possibilities ===
2025-01-20 08:59:57 - paramiko.transport - DEBUG - kex algos: sntrup761x25519-sha512@openssh.com, curve25519-sha256, curve25519-sha256@libssh.org, ecdh-sha2-nistp256, ecdh-sha2-nistp384, ecdh-sha2-nistp521, diffie-hellman-group-exchange-sha256, diffie-hellman-group16-sha512, diffie-hellman-group18-sha512, diffie-hellman-group14-sha256, ext-info-s, kex-strict-s-v00@openssh.com
2025-01-20 08:59:57 - paramiko.transport - DEBUG - server key: rsa-sha2-512, rsa-sha2-256, ecdsa-sha2-nistp256, ssh-ed25519
2025-01-20 08:59:57 - paramiko.transport - DEBUG - client encrypt: chacha20-poly1305@openssh.com, aes128-ctr, aes192-ctr, aes256-ctr, aes128-gcm@openssh.com, aes256-gcm@openssh.com
2025-01-20 08:59:57 - paramiko.transport - DEBUG - server encrypt: chacha20-poly1305@openssh.com, aes128-ctr, aes192-ctr, aes256-ctr, aes128-gcm@openssh.com, aes256-gcm@openssh.com
2025-01-20 08:59:57 - paramiko.transport - DEBUG - client mac: umac-64-etm@openssh.com, umac-128-etm@openssh.com, hmac-sha2-256-etm@openssh.com, hmac-sha2-512-etm@openssh.com, hmac-sha1-etm@openssh.com, umac-64@openssh.com, umac-128@openssh.com, hmac-sha2-256, hmac-sha2-512, hmac-sha1
2025-01-20 08:59:57 - paramiko.transport - DEBUG - server mac: umac-64-etm@openssh.com, umac-128-etm@openssh.com, hmac-sha2-256-etm@openssh.com, hmac-sha2-512-etm@openssh.com, hmac-sha1-etm@openssh.com, umac-64@openssh.com, umac-128@openssh.com, hmac-sha2-256, hmac-sha2-512, hmac-sha1
2025-01-20 08:59:57 - paramiko.transport - DEBUG - client compress: none, zlib@openssh.com
2025-01-20 08:59:57 - paramiko.transport - DEBUG - server compress: none, zlib@openssh.com
2025-01-20 08:59:57 - paramiko.transport - DEBUG - client lang: <none>
2025-01-20 08:59:57 - paramiko.transport - DEBUG - server lang: <none>
2025-01-20 08:59:57 - paramiko.transport - DEBUG - kex follows: False
2025-01-20 08:59:57 - paramiko.transport - DEBUG - === Key exchange agreements ===
2025-01-20 08:59:57 - paramiko.transport - DEBUG - Strict kex mode: True
2025-01-20 08:59:57 - paramiko.transport - DEBUG - Kex: curve25519-sha256@libssh.org
2025-01-20 08:59:57 - paramiko.transport - DEBUG - HostKey: ssh-ed25519
2025-01-20 08:59:57 - paramiko.transport - DEBUG - Cipher: aes128-ctr
2025-01-20 08:59:57 - paramiko.transport - DEBUG - MAC: hmac-sha2-256
2025-01-20 08:59:57 - paramiko.transport - DEBUG - Compression: none
2025-01-20 08:59:57 - paramiko.transport - DEBUG - === End of kex handshake ===
2025-01-20 08:59:57 - paramiko.transport - DEBUG - Resetting outbound seqno after NEWKEYS due to strict mode
2025-01-20 08:59:57 - paramiko.transport - DEBUG - kex engine KexCurve25519 specified hash_algo <built-in function openssl_sha256>
2025-01-20 08:59:57 - paramiko.transport - DEBUG - Switch to new keys ...
2025-01-20 08:59:57 - paramiko.transport - DEBUG - Resetting inbound seqno after NEWKEYS due to strict mode
2025-01-20 08:59:57 - paramiko.transport - DEBUG - Adding ssh-ed25519 host key for [localhost]:2222: b'440556c707c76a120614a09ee00fa49e'
2025-01-20 08:59:57 - paramiko.transport - DEBUG - Got EXT_INFO: {'server-sig-algs': b'ssh-ed25519,ecdsa-sha2-nistp256,ecdsa-sha2-nistp384,ecdsa-sha2-nistp521,sk-ssh-ed25519@openssh.com,sk-ecdsa-sha2-nistp256@openssh.com,rsa-sha2-512,rsa-sha2-256', 'publickey-hostbound@openssh.com': b'0', 'ping@openssh.com': b'0'}
2025-01-20 08:59:57 - paramiko.transport - DEBUG - Trying SSH agent key b'e9b3221716ad2d332f8244713a244261'
2025-01-20 08:59:57 - paramiko.transport - DEBUG - userauth is OK
2025-01-20 08:59:58 - paramiko.transport - INFO - Authentication (publickey) failed.
2025-01-20 08:59:58 - paramiko.transport - DEBUG - Trying discovered key b'e9b3221716ad2d332f8244713a244261' in /home/vlab/.ssh/id_ed25519
2025-01-20 08:59:58 - paramiko.transport - DEBUG - userauth is OK
2025-01-20 08:59:58 - paramiko.transport - INFO - Authentication (publickey) failed.
2025-01-20 08:59:58 - paramiko.transport - DEBUG - userauth is OK
2025-01-20 08:59:59 - paramiko.transport - INFO - Authentication (password) successful!
2025-01-20 08:59:59 - paramiko.transport - DEBUG - [chan 0] Max packet in: 32768 bytes
2025-01-20 08:59:59 - paramiko.transport - DEBUG - Received global request "hostkeys-00@openssh.com"
2025-01-20 08:59:59 - paramiko.transport - DEBUG - Rejecting "hostkeys-00@openssh.com" global request from server.
2025-01-20 08:59:59 - paramiko.transport - DEBUG - [chan 0] Max packet out: 32768 bytes
2025-01-20 08:59:59 - paramiko.transport - DEBUG - Secsh channel 0 opened.
2025-01-20 08:59:59 - paramiko.transport - DEBUG - [chan 0] Sesch channel 0 request ok
2025-01-20 09:00:00 - paramiko.transport - DEBUG - [chan 0] EOF received (0)
2025-01-20 09:00:00 - paramiko.transport - DEBUG - [chan 0] EOF sent (0)
2025-01-20 09:00:00 - paramiko.transport - DEBUG - Dropping user packet because connection is dead.
2025-01-20 09:00:00 - paramiko.transport - DEBUG - Dropping user packet because connection is dead.
2025-01-20 09:00:00 - root - DEBUG - Capturing initial mixer state...
2025-01-20 09:00:00 - paramiko.transport - DEBUG - starting thread (client mode): 0x352c4e20
2025-01-20 09:00:00 - paramiko.transport - DEBUG - Local version/idstring: SSH-2.0-paramiko_3.5.0
2025-01-20 09:00:00 - paramiko.transport - DEBUG - Remote version/idstring: SSH-2.0-OpenSSH_9.7p1 Debian-5
2025-01-20 09:00:00 - paramiko.transport - INFO - Connected (version 2.0, client OpenSSH_9.7p1)
2025-01-20 09:00:00 - paramiko.transport - DEBUG - === Key exchange possibilities ===
2025-01-20 09:00:00 - paramiko.transport - DEBUG - kex algos: sntrup761x25519-sha512@openssh.com, curve25519-sha256, curve25519-sha256@libssh.org, ecdh-sha2-nistp256, ecdh-sha2-nistp384, ecdh-sha2-nistp521, diffie-hellman-group-exchange-sha256, diffie-hellman-group16-sha512, diffie-hellman-group18-sha512, diffie-hellman-group14-sha256, ext-info-s, kex-strict-s-v00@openssh.com
2025-01-20 09:00:00 - paramiko.transport - DEBUG - server key: rsa-sha2-512, rsa-sha2-256, ecdsa-sha2-nistp256, ssh-ed25519
2025-01-20 09:00:00 - paramiko.transport - DEBUG - client encrypt: chacha20-poly1305@openssh.com, aes128-ctr, aes192-ctr, aes256-ctr, aes128-gcm@openssh.com, aes256-gcm@openssh.com
2025-01-20 09:00:00 - paramiko.transport - DEBUG - server encrypt: chacha20-poly1305@openssh.com, aes128-ctr, aes192-ctr, aes256-ctr, aes128-gcm@openssh.com, aes256-gcm@openssh.com
2025-01-20 09:00:00 - paramiko.transport - DEBUG - client mac: umac-64-etm@openssh.com, umac-128-etm@openssh.com, hmac-sha2-256-etm@openssh.com, hmac-sha2-512-etm@openssh.com, hmac-sha1-etm@openssh.com, umac-64@openssh.com, umac-128@openssh.com, hmac-sha2-256, hmac-sha2-512, hmac-sha1
2025-01-20 09:00:00 - paramiko.transport - DEBUG - server mac: umac-64-etm@openssh.com, umac-128-etm@openssh.com, hmac-sha2-256-etm@openssh.com, hmac-sha2-512-etm@openssh.com, hmac-sha1-etm@openssh.com, umac-64@openssh.com, umac-128@openssh.com, hmac-sha2-256, hmac-sha2-512, hmac-sha1
2025-01-20 09:00:00 - paramiko.transport - DEBUG - client compress: none, zlib@openssh.com
2025-01-20 09:00:00 - paramiko.transport - DEBUG - server compress: none, zlib@openssh.com
2025-01-20 09:00:00 - paramiko.transport - DEBUG - client lang: <none>
2025-01-20 09:00:00 - paramiko.transport - DEBUG - server lang: <none>
2025-01-20 09:00:00 - paramiko.transport - DEBUG - kex follows: False
2025-01-20 09:00:00 - paramiko.transport - DEBUG - === Key exchange agreements ===
2025-01-20 09:00:00 - paramiko.transport - DEBUG - Strict kex mode: True
2025-01-20 09:00:00 - paramiko.transport - DEBUG - Kex: curve25519-sha256@libssh.org
2025-01-20 09:00:00 - paramiko.transport - DEBUG - HostKey: ssh-ed25519
2025-01-20 09:00:00 - paramiko.transport - DEBUG - Cipher: aes128-ctr
2025-01-20 09:00:00 - paramiko.transport - DEBUG - MAC: hmac-sha2-256
2025-01-20 09:00:00 - paramiko.transport - DEBUG - Compression: none
2025-01-20 09:00:00 - paramiko.transport - DEBUG - === End of kex handshake ===
2025-01-20 09:00:01 - paramiko.transport - DEBUG - Resetting outbound seqno after NEWKEYS due to strict mode
2025-01-20 09:00:01 - paramiko.transport - DEBUG - kex engine KexCurve25519 specified hash_algo <built-in function openssl_sha256>
2025-01-20 09:00:01 - paramiko.transport - DEBUG - Switch to new keys ...
2025-01-20 09:00:01 - paramiko.transport - DEBUG - Resetting inbound seqno after NEWKEYS due to strict mode
2025-01-20 09:00:01 - paramiko.transport - DEBUG - Adding ssh-ed25519 host key for [localhost]:2222: b'440556c707c76a120614a09ee00fa49e'
2025-01-20 09:00:01 - paramiko.transport - DEBUG - Got EXT_INFO: {'server-sig-algs': b'ssh-ed25519,ecdsa-sha2-nistp256,ecdsa-sha2-nistp384,ecdsa-sha2-nistp521,sk-ssh-ed25519@openssh.com,sk-ecdsa-sha2-nistp256@openssh.com,rsa-sha2-512,rsa-sha2-256', 'publickey-hostbound@openssh.com': b'0', 'ping@openssh.com': b'0'}
2025-01-20 09:00:01 - paramiko.transport - DEBUG - Trying SSH agent key b'e9b3221716ad2d332f8244713a244261'
2025-01-20 09:00:01 - paramiko.transport - DEBUG - userauth is OK
2025-01-20 09:00:01 - paramiko.transport - INFO - Authentication (publickey) failed.
2025-01-20 09:00:01 - paramiko.transport - DEBUG - Trying discovered key b'e9b3221716ad2d332f8244713a244261' in /home/vlab/.ssh/id_ed25519
2025-01-20 09:00:01 - paramiko.transport - DEBUG - userauth is OK
2025-01-20 09:00:01 - paramiko.transport - INFO - Authentication (publickey) failed.
2025-01-20 09:00:01 - paramiko.transport - DEBUG - userauth is OK
2025-01-20 09:00:02 - paramiko.transport - INFO - Authentication (password) successful!
2025-01-20 09:00:02 - paramiko.transport - DEBUG - [chan 0] Max packet in: 32768 bytes
2025-01-20 09:00:02 - paramiko.transport - DEBUG - Received global request "hostkeys-00@openssh.com"
2025-01-20 09:00:02 - paramiko.transport - DEBUG - Rejecting "hostkeys-00@openssh.com" global request from server.
2025-01-20 09:00:02 - paramiko.transport - DEBUG - [chan 0] Max packet out: 32768 bytes
2025-01-20 09:00:02 - paramiko.transport - DEBUG - Secsh channel 0 opened.
2025-01-20 09:00:02 - paramiko.transport - DEBUG - [chan 0] Sesch channel 0 request ok
2025-01-20 09:00:03 - paramiko.transport - DEBUG - [chan 0] EOF received (0)
2025-01-20 09:00:03 - paramiko.transport - DEBUG - [chan 0] EOF sent (0)
2025-01-20 09:00:03 - paramiko.transport - DEBUG - Dropping user packet because connection is dead.
2025-01-20 09:00:03 - root - DEBUG - Initial Mixer State:
Simple mixer control 'Master',0
  Capabilities: pvolume pswitch
  Playback channels: Front Left - Front Right
  Limits: Playback 0 - 74
  Mono:
  Front Left: Playback 54 [73%] [-20.00dB] [on]
  Front Right: Playback 54 [73%] [-20.00dB] [on]
2025-01-20 09:00:03 - root - DEBUG - Setting left channel to 50% and right channel to 61%...
2025-01-20 09:00:03 - paramiko.transport - DEBUG - starting thread (client mode): 0x35573010
2025-01-20 09:00:03 - paramiko.transport - DEBUG - Local version/idstring: SSH-2.0-paramiko_3.5.0
2025-01-20 09:00:03 - paramiko.transport - DEBUG - Remote version/idstring: SSH-2.0-OpenSSH_9.7p1 Debian-5
2025-01-20 09:00:03 - paramiko.transport - INFO - Connected (version 2.0, client OpenSSH_9.7p1)
2025-01-20 09:00:03 - paramiko.transport - DEBUG - === Key exchange possibilities ===
2025-01-20 09:00:03 - paramiko.transport - DEBUG - kex algos: sntrup761x25519-sha512@openssh.com, curve25519-sha256, curve25519-sha256@libssh.org, ecdh-sha2-nistp256, ecdh-sha2-nistp384, ecdh-sha2-nistp521, diffie-hellman-group-exchange-sha256, diffie-hellman-group16-sha512, diffie-hellman-group18-sha512, diffie-hellman-group14-sha256, ext-info-s, kex-strict-s-v00@openssh.com
2025-01-20 09:00:03 - paramiko.transport - DEBUG - server key: rsa-sha2-512, rsa-sha2-256, ecdsa-sha2-nistp256, ssh-ed25519
2025-01-20 09:00:03 - paramiko.transport - DEBUG - client encrypt: chacha20-poly1305@openssh.com, aes128-ctr, aes192-ctr, aes256-ctr, aes128-gcm@openssh.com, aes256-gcm@openssh.com
2025-01-20 09:00:03 - paramiko.transport - DEBUG - server encrypt: chacha20-poly1305@openssh.com, aes128-ctr, aes192-ctr, aes256-ctr, aes128-gcm@openssh.com, aes256-gcm@openssh.com
2025-01-20 09:00:03 - paramiko.transport - DEBUG - client mac: umac-64-etm@openssh.com, umac-128-etm@openssh.com, hmac-sha2-256-etm@openssh.com, hmac-sha2-512-etm@openssh.com, hmac-sha1-etm@openssh.com, umac-64@openssh.com, umac-128@openssh.com, hmac-sha2-256, hmac-sha2-512, hmac-sha1
2025-01-20 09:00:03 - paramiko.transport - DEBUG - server mac: umac-64-etm@openssh.com, umac-128-etm@openssh.com, hmac-sha2-256-etm@openssh.com, hmac-sha2-512-etm@openssh.com, hmac-sha1-etm@openssh.com, umac-64@openssh.com, umac-128@openssh.com, hmac-sha2-256, hmac-sha2-512, hmac-sha1
2025-01-20 09:00:03 - paramiko.transport - DEBUG - client compress: none, zlib@openssh.com
2025-01-20 09:00:03 - paramiko.transport - DEBUG - server compress: none, zlib@openssh.com
2025-01-20 09:00:03 - paramiko.transport - DEBUG - client lang: <none>
2025-01-20 09:00:03 - paramiko.transport - DEBUG - server lang: <none>
2025-01-20 09:00:03 - paramiko.transport - DEBUG - kex follows: False
2025-01-20 09:00:03 - paramiko.transport - DEBUG - === Key exchange agreements ===
2025-01-20 09:00:03 - paramiko.transport - DEBUG - Strict kex mode: True
2025-01-20 09:00:03 - paramiko.transport - DEBUG - Kex: curve25519-sha256@libssh.org
2025-01-20 09:00:03 - paramiko.transport - DEBUG - HostKey: ssh-ed25519
2025-01-20 09:00:03 - paramiko.transport - DEBUG - Cipher: aes128-ctr
2025-01-20 09:00:03 - paramiko.transport - DEBUG - MAC: hmac-sha2-256
2025-01-20 09:00:03 - paramiko.transport - DEBUG - Compression: none
2025-01-20 09:00:03 - paramiko.transport - DEBUG - === End of kex handshake ===
2025-01-20 09:00:03 - paramiko.transport - DEBUG - Resetting outbound seqno after NEWKEYS due to strict mode
2025-01-20 09:00:03 - paramiko.transport - DEBUG - kex engine KexCurve25519 specified hash_algo <built-in function openssl_sha256>
2025-01-20 09:00:03 - paramiko.transport - DEBUG - Switch to new keys ...
2025-01-20 09:00:03 - paramiko.transport - DEBUG - Resetting inbound seqno after NEWKEYS due to strict mode
2025-01-20 09:00:03 - paramiko.transport - DEBUG - Adding ssh-ed25519 host key for [localhost]:2222: b'440556c707c76a120614a09ee00fa49e'
2025-01-20 09:00:03 - paramiko.transport - DEBUG - Got EXT_INFO: {'server-sig-algs': b'ssh-ed25519,ecdsa-sha2-nistp256,ecdsa-sha2-nistp384,ecdsa-sha2-nistp521,sk-ssh-ed25519@openssh.com,sk-ecdsa-sha2-nistp256@openssh.com,rsa-sha2-512,rsa-sha2-256', 'publickey-hostbound@openssh.com': b'0', 'ping@openssh.com': b'0'}
2025-01-20 09:00:03 - paramiko.transport - DEBUG - Trying SSH agent key b'e9b3221716ad2d332f8244713a244261'
2025-01-20 09:00:03 - paramiko.transport - DEBUG - userauth is OK
2025-01-20 09:00:04 - paramiko.transport - INFO - Authentication (publickey) failed.
2025-01-20 09:00:04 - paramiko.transport - DEBUG - Trying discovered key b'e9b3221716ad2d332f8244713a244261' in /home/vlab/.ssh/id_ed25519
2025-01-20 09:00:04 - paramiko.transport - DEBUG - userauth is OK
2025-01-20 09:00:04 - paramiko.transport - INFO - Authentication (publickey) failed.
2025-01-20 09:00:04 - paramiko.transport - DEBUG - userauth is OK
2025-01-20 09:00:04 - paramiko.transport - INFO - Authentication (password) successful!
2025-01-20 09:00:04 - paramiko.transport - DEBUG - [chan 0] Max packet in: 32768 bytes
2025-01-20 09:00:05 - paramiko.transport - DEBUG - Received global request "hostkeys-00@openssh.com"
2025-01-20 09:00:05 - paramiko.transport - DEBUG - Rejecting "hostkeys-00@openssh.com" global request from server.
2025-01-20 09:00:05 - paramiko.transport - DEBUG - [chan 0] Max packet out: 32768 bytes
2025-01-20 09:00:05 - paramiko.transport - DEBUG - Secsh channel 0 opened.
2025-01-20 09:00:05 - paramiko.transport - DEBUG - [chan 0] Sesch channel 0 request ok
2025-01-20 09:00:05 - paramiko.transport - DEBUG - [chan 0] EOF received (0)
2025-01-20 09:00:05 - root - DEBUG - Set Volume Command Output:
Simple mixer control 'Master',0
  Capabilities: pvolume pswitch
  Playback channels: Front Left - Front Right
  Limits: Playback 0 - 74
  Mono:
  Front Left: Playback 37 [50%] [-37.00dB] [on]
  Front Right: Playback 45 [61%] [-29.00dB] [on]
2025-01-20 09:00:05 - root - DEBUG - Capturing mixer state after setting individual volumes...
2025-01-20 09:00:05 - paramiko.transport - DEBUG - starting thread (client mode): 0x352c7880
2025-01-20 09:00:05 - paramiko.transport - DEBUG - Local version/idstring: SSH-2.0-paramiko_3.5.0
2025-01-20 09:00:05 - paramiko.transport - DEBUG - EOF in transport thread
2025-01-20 09:00:06 - paramiko.transport - DEBUG - Remote version/idstring: SSH-2.0-OpenSSH_9.7p1 Debian-5
2025-01-20 09:00:06 - paramiko.transport - INFO - Connected (version 2.0, client OpenSSH_9.7p1)
2025-01-20 09:00:06 - paramiko.transport - DEBUG - === Key exchange possibilities ===
2025-01-20 09:00:06 - paramiko.transport - DEBUG - kex algos: sntrup761x25519-sha512@openssh.com, curve25519-sha256, curve25519-sha256@libssh.org, ecdh-sha2-nistp256, ecdh-sha2-nistp384, ecdh-sha2-nistp521, diffie-hellman-group-exchange-sha256, diffie-hellman-group16-sha512, diffie-hellman-group18-sha512, diffie-hellman-group14-sha256, ext-info-s, kex-strict-s-v00@openssh.com
2025-01-20 09:00:06 - paramiko.transport - DEBUG - server key: rsa-sha2-512, rsa-sha2-256, ecdsa-sha2-nistp256, ssh-ed25519
2025-01-20 09:00:06 - paramiko.transport - DEBUG - client encrypt: chacha20-poly1305@openssh.com, aes128-ctr, aes192-ctr, aes256-ctr, aes128-gcm@openssh.com, aes256-gcm@openssh.com
2025-01-20 09:00:06 - paramiko.transport - DEBUG - server encrypt: chacha20-poly1305@openssh.com, aes128-ctr, aes192-ctr, aes256-ctr, aes128-gcm@openssh.com, aes256-gcm@openssh.com
2025-01-20 09:00:06 - paramiko.transport - DEBUG - client mac: umac-64-etm@openssh.com, umac-128-etm@openssh.com, hmac-sha2-256-etm@openssh.com, hmac-sha2-512-etm@openssh.com, hmac-sha1-etm@openssh.com, umac-64@openssh.com, umac-128@openssh.com, hmac-sha2-256, hmac-sha2-512, hmac-sha1
2025-01-20 09:00:06 - paramiko.transport - DEBUG - server mac: umac-64-etm@openssh.com, umac-128-etm@openssh.com, hmac-sha2-256-etm@openssh.com, hmac-sha2-512-etm@openssh.com, hmac-sha1-etm@openssh.com, umac-64@openssh.com, umac-128@openssh.com, hmac-sha2-256, hmac-sha2-512, hmac-sha1
2025-01-20 09:00:06 - paramiko.transport - DEBUG - client compress: none, zlib@openssh.com
2025-01-20 09:00:06 - paramiko.transport - DEBUG - server compress: none, zlib@openssh.com
2025-01-20 09:00:06 - paramiko.transport - DEBUG - client lang: <none>
2025-01-20 09:00:06 - paramiko.transport - DEBUG - server lang: <none>
2025-01-20 09:00:06 - paramiko.transport - DEBUG - kex follows: False
2025-01-20 09:00:06 - paramiko.transport - DEBUG - === Key exchange agreements ===
2025-01-20 09:00:06 - paramiko.transport - DEBUG - Strict kex mode: True
2025-01-20 09:00:06 - paramiko.transport - DEBUG - Kex: curve25519-sha256@libssh.org
2025-01-20 09:00:06 - paramiko.transport - DEBUG - HostKey: ssh-ed25519
2025-01-20 09:00:06 - paramiko.transport - DEBUG - Cipher: aes128-ctr
2025-01-20 09:00:06 - paramiko.transport - DEBUG - [chan 0] EOF sent (0)
2025-01-20 09:00:06 - paramiko.transport - DEBUG - Dropping user packet because connection is dead.
2025-01-20 09:00:06 - paramiko.transport - DEBUG - MAC: hmac-sha2-256
2025-01-20 09:00:06 - paramiko.transport - DEBUG - Compression: none
2025-01-20 09:00:06 - paramiko.transport - DEBUG - === End of kex handshake ===
2025-01-20 09:00:06 - paramiko.transport - DEBUG - Resetting outbound seqno after NEWKEYS due to strict mode
2025-01-20 09:00:06 - paramiko.transport - DEBUG - kex engine KexCurve25519 specified hash_algo <built-in function openssl_sha256>
2025-01-20 09:00:06 - paramiko.transport - DEBUG - Switch to new keys ...
2025-01-20 09:00:06 - paramiko.transport - DEBUG - Resetting inbound seqno after NEWKEYS due to strict mode
2025-01-20 09:00:06 - paramiko.transport - DEBUG - Adding ssh-ed25519 host key for [localhost]:2222: b'440556c707c76a120614a09ee00fa49e'
2025-01-20 09:00:06 - paramiko.transport - DEBUG - Got EXT_INFO: {'server-sig-algs': b'ssh-ed25519,ecdsa-sha2-nistp256,ecdsa-sha2-nistp384,ecdsa-sha2-nistp521,sk-ssh-ed25519@openssh.com,sk-ecdsa-sha2-nistp256@openssh.com,rsa-sha2-512,rsa-sha2-256', 'publickey-hostbound@openssh.com': b'0', 'ping@openssh.com': b'0'}
2025-01-20 09:00:06 - paramiko.transport - DEBUG - Trying SSH agent key b'e9b3221716ad2d332f8244713a244261'
2025-01-20 09:00:06 - paramiko.transport - DEBUG - userauth is OK
2025-01-20 09:00:06 - paramiko.transport - INFO - Authentication (publickey) failed.
2025-01-20 09:00:06 - paramiko.transport - DEBUG - Trying discovered key b'e9b3221716ad2d332f8244713a244261' in /home/vlab/.ssh/id_ed25519
2025-01-20 09:00:06 - paramiko.transport - DEBUG - userauth is OK
2025-01-20 09:00:06 - paramiko.transport - INFO - Authentication (publickey) failed.
2025-01-20 09:00:06 - paramiko.transport - DEBUG - userauth is OK
2025-01-20 09:00:07 - paramiko.transport - INFO - Authentication (password) successful!
2025-01-20 09:00:07 - paramiko.transport - DEBUG - [chan 0] Max packet in: 32768 bytes
2025-01-20 09:00:08 - paramiko.transport - DEBUG - Received global request "hostkeys-00@openssh.com"
2025-01-20 09:00:08 - paramiko.transport - DEBUG - Rejecting "hostkeys-00@openssh.com" global request from server.
2025-01-20 09:00:08 - paramiko.transport - DEBUG - [chan 0] Max packet out: 32768 bytes
2025-01-20 09:00:08 - paramiko.transport - DEBUG - Secsh channel 0 opened.
2025-01-20 09:00:08 - paramiko.transport - DEBUG - [chan 0] Sesch channel 0 request ok
2025-01-20 09:00:08 - paramiko.transport - DEBUG - [chan 0] EOF received (0)
2025-01-20 09:00:08 - root - DEBUG - Updated Mixer State:
Simple mixer control 'Master',0
  Capabilities: pvolume pswitch
  Playback channels: Front Left - Front Right
  Limits: Playback 0 - 74
  Mono:
  Front Left: Playback 37 [50%] [-37.00dB] [on]
  Front Right: Playback 45 [61%] [-29.00dB] [on]
2025-01-20 09:00:08 - root - DEBUG - Verification of the change:
2025-01-20 09:00:08 - root - DEBUG - Initial State:
Simple mixer control 'Master',0
  Capabilities: pvolume pswitch
  Playback channels: Front Left - Front Right
  Limits: Playback 0 - 74
  Mono:
  Front Left: Playback 54 [73%] [-20.00dB] [on]
  Front Right: Playback 54 [73%] [-20.00dB] [on]
2025-01-20 09:00:08 - root - DEBUG - Updated State:
Simple mixer control 'Master',0
  Capabilities: pvolume pswitch
  Playback channels: Front Left - Front Right
  Limits: Playback 0 - 74
  Mono:
  Front Left: Playback 37 [50%] [-37.00dB] [on]
  Front Right: Playback 45 [61%] [-29.00dB] [on]
