2024-12-18 11:59:09 - TE010 - INFO - Setting MTU to 9000...
2024-12-18 11:59:09 - paramiko.transport - DEBUG - starting thread (client mode): 0x18592720
2024-12-18 11:59:09 - paramiko.transport - DEBUG - Local version/idstring: SSH-2.0-paramiko_2.6.0
2024-12-18 11:59:09 - paramiko.transport - DEBUG - Remote version/idstring: SSH-2.0-OpenSSH_9.7p1 Debian-5
2024-12-18 11:59:09 - paramiko.transport - INFO - Connected (version 2.0, client OpenSSH_9.7p1)
2024-12-18 11:59:09 - paramiko.transport - DEBUG - kex algos:['sntrup761x25519-sha512@openssh.com', 'curve25519-sha256', 'curve25519-sha256@libssh.org', 'ecdh-sha2-nistp256', 'ecdh-sha2-nistp384', 'ecdh-sha2-nistp521', 'diffie-hellman-group-exchange-sha256', 'diffie-hellman-group16-sha512', 'diffie-hellman-group18-sha512', 'diffie-hellman-group14-sha256', 'ext-info-s', 'kex-strict-s-v00@openssh.com'] server key:['rsa-sha2-512', 'rsa-sha2-256', 'ecdsa-sha2-nistp256', 'ssh-ed25519'] client encrypt:['chacha20-poly1305@openssh.com', 'aes128-ctr', 'aes192-ctr', 'aes256-ctr', 'aes128-gcm@openssh.com', 'aes256-gcm@openssh.com'] server encrypt:['chacha20-poly1305@openssh.com', 'aes128-ctr', 'aes192-ctr', 'aes256-ctr', 'aes128-gcm@openssh.com', 'aes256-gcm@openssh.com'] client mac:['umac-64-etm@openssh.com', 'umac-128-etm@openssh.com', 'hmac-sha2-256-etm@openssh.com', 'hmac-sha2-512-etm@openssh.com', 'hmac-sha1-etm@openssh.com', 'umac-64@openssh.com', 'umac-128@openssh.com', 'hmac-sha2-256', 'hmac-sha2-512', 'hmac-sha1'] server mac:['umac-64-etm@openssh.com', 'umac-128-etm@openssh.com', 'hmac-sha2-256-etm@openssh.com', 'hmac-sha2-512-etm@openssh.com', 'hmac-sha1-etm@openssh.com', 'umac-64@openssh.com', 'umac-128@openssh.com', 'hmac-sha2-256', 'hmac-sha2-512', 'hmac-sha1'] client compress:['none', 'zlib@openssh.com'] server compress:['none', 'zlib@openssh.com'] client lang:[''] server lang:[''] kex follows?False
2024-12-18 11:59:09 - paramiko.transport - DEBUG - Kex agreed: curve25519-sha256@libssh.org
2024-12-18 11:59:09 - paramiko.transport - DEBUG - HostKey agreed: ssh-ed25519
2024-12-18 11:59:09 - paramiko.transport - DEBUG - Cipher agreed: aes128-ctr
2024-12-18 11:59:09 - paramiko.transport - DEBUG - MAC agreed: hmac-sha2-256
2024-12-18 11:59:09 - paramiko.transport - DEBUG - Compression agreed: none
2024-12-18 11:59:10 - paramiko.transport - DEBUG - kex engine KexCurve25519 specified hash_algo <built-in function openssl_sha256>
2024-12-18 11:59:10 - paramiko.transport - DEBUG - Switch to new keys ...
2024-12-18 11:59:10 - paramiko.transport - DEBUG - Adding ssh-ed25519 host key for [localhost]:2222: b'440556c707c76a120614a09ee00fa49e'
2024-12-18 11:59:10 - paramiko.transport - DEBUG - Trying SSH agent key b'10eae2712e187764395d5489e5f62d81'
2024-12-18 11:59:11 - paramiko.transport - DEBUG - userauth is OK
2024-12-18 11:59:11 - paramiko.transport - INFO - Authentication (publickey) failed.
2024-12-18 11:59:11 - paramiko.transport - DEBUG - userauth is OK
2024-12-18 11:59:13 - paramiko.transport - INFO - Authentication (password) successful!
2024-12-18 11:59:13 - paramiko.transport - DEBUG - [chan 0] Max packet in: 32768 bytes
2024-12-18 11:59:13 - paramiko.transport - DEBUG - Received global request "hostkeys-00@openssh.com"
2024-12-18 11:59:13 - paramiko.transport - DEBUG - Rejecting "hostkeys-00@openssh.com" global request from server.
2024-12-18 11:59:13 - paramiko.transport - DEBUG - [chan 0] Max packet out: 32768 bytes
2024-12-18 11:59:13 - paramiko.transport - DEBUG - Secsh channel 0 opened.
2024-12-18 11:59:14 - paramiko.transport - DEBUG - [chan 0] Sesch channel 0 request ok
2024-12-18 11:59:16 - paramiko.transport - DEBUG - [chan 0] EOF received (0)
2024-12-18 11:59:16 - paramiko.transport - DEBUG - starting thread (client mode): 0x1b066570
2024-12-18 11:59:16 - paramiko.transport - DEBUG - Local version/idstring: SSH-2.0-paramiko_2.6.0
2024-12-18 11:59:17 - paramiko.transport - DEBUG - Remote version/idstring: SSH-2.0-OpenSSH_9.7p1 Debian-5
2024-12-18 11:59:17 - paramiko.transport - INFO - Connected (version 2.0, client OpenSSH_9.7p1)
2024-12-18 11:59:17 - paramiko.transport - DEBUG - kex algos:['sntrup761x25519-sha512@openssh.com', 'curve25519-sha256', 'curve25519-sha256@libssh.org', 'ecdh-sha2-nistp256', 'ecdh-sha2-nistp384', 'ecdh-sha2-nistp521', 'diffie-hellman-group-exchange-sha256', 'diffie-hellman-group16-sha512', 'diffie-hellman-group18-sha512', 'diffie-hellman-group14-sha256', 'ext-info-s', 'kex-strict-s-v00@openssh.com'] server key:['rsa-sha2-512', 'rsa-sha2-256', 'ecdsa-sha2-nistp256', 'ssh-ed25519'] client encrypt:['chacha20-poly1305@openssh.com', 'aes128-ctr', 'aes192-ctr', 'aes256-ctr', 'aes128-gcm@openssh.com', 'aes256-gcm@openssh.com'] server encrypt:['chacha20-poly1305@openssh.com', 'aes128-ctr', 'aes192-ctr', 'aes256-ctr', 'aes128-gcm@openssh.com', 'aes256-gcm@openssh.com'] client mac:['umac-64-etm@openssh.com', 'umac-128-etm@openssh.com', 'hmac-sha2-256-etm@openssh.com', 'hmac-sha2-512-etm@openssh.com', 'hmac-sha1-etm@openssh.com', 'umac-64@openssh.com', 'umac-128@openssh.com', 'hmac-sha2-256', 'hmac-sha2-512', 'hmac-sha1'] server mac:['umac-64-etm@openssh.com', 'umac-128-etm@openssh.com', 'hmac-sha2-256-etm@openssh.com', 'hmac-sha2-512-etm@openssh.com', 'hmac-sha1-etm@openssh.com', 'umac-64@openssh.com', 'umac-128@openssh.com', 'hmac-sha2-256', 'hmac-sha2-512', 'hmac-sha1'] client compress:['none', 'zlib@openssh.com'] server compress:['none', 'zlib@openssh.com'] client lang:[''] server lang:[''] kex follows?False
2024-12-18 11:59:17 - paramiko.transport - DEBUG - Kex agreed: curve25519-sha256@libssh.org
2024-12-18 11:59:17 - paramiko.transport - DEBUG - HostKey agreed: ssh-ed25519
2024-12-18 11:59:17 - paramiko.transport - DEBUG - Cipher agreed: aes128-ctr
2024-12-18 11:59:17 - paramiko.transport - DEBUG - MAC agreed: hmac-sha2-256
2024-12-18 11:59:17 - paramiko.transport - DEBUG - Compression agreed: none
2024-12-18 11:59:17 - paramiko.transport - DEBUG - kex engine KexCurve25519 specified hash_algo <built-in function openssl_sha256>
2024-12-18 11:59:17 - paramiko.transport - DEBUG - Switch to new keys ...
2024-12-18 11:59:17 - paramiko.transport - DEBUG - Adding ssh-ed25519 host key for [localhost]:2222: b'440556c707c76a120614a09ee00fa49e'
2024-12-18 11:59:17 - paramiko.transport - DEBUG - Trying SSH agent key b'10eae2712e187764395d5489e5f62d81'
2024-12-18 11:59:17 - paramiko.transport - DEBUG - userauth is OK
2024-12-18 11:59:17 - paramiko.transport - INFO - Authentication (publickey) failed.
2024-12-18 11:59:17 - paramiko.transport - DEBUG - userauth is OK
2024-12-18 11:59:19 - paramiko.transport - INFO - Authentication (password) successful!
2024-12-18 11:59:19 - paramiko.transport - DEBUG - [chan 0] Max packet in: 32768 bytes
2024-12-18 11:59:19 - paramiko.transport - DEBUG - Received global request "hostkeys-00@openssh.com"
2024-12-18 11:59:19 - paramiko.transport - DEBUG - Rejecting "hostkeys-00@openssh.com" global request from server.
2024-12-18 11:59:19 - paramiko.transport - DEBUG - [chan 0] Max packet out: 32768 bytes
2024-12-18 11:59:19 - paramiko.transport - DEBUG - Secsh channel 0 opened.
2024-12-18 11:59:19 - paramiko.transport - DEBUG - [chan 0] Sesch channel 0 request ok
2024-12-18 11:59:20 - paramiko.transport - DEBUG - [chan 0] EOF received (0)
2024-12-18 11:59:20 - paramiko.transport - DEBUG - [chan 0] EOF sent (0)
2024-12-18 11:59:20 - TE010 - INFO - MTU after change:
2: eth0: <BROADCAST,MULTICAST,UP,LOWER_UP> mtu 9000 qdisc fq_codel state UP mode DEFAULT group default qlen 1000
    link/ether 52:54:00:12:34:56 brd ff:ff:ff:ff:ff:ff
2024-12-18 11:59:20 - TE010 - INFO - Testing connectivity with jumbo frames...
2024-12-18 11:59:20 - paramiko.transport - DEBUG - Dropping user packet because connection is dead.
2024-12-18 11:59:20 - paramiko.transport - DEBUG - [chan 0] EOF sent (0)
2024-12-18 11:59:20 - paramiko.transport - DEBUG - Dropping user packet because connection is dead.
2024-12-18 11:59:20 - paramiko.transport - DEBUG - starting thread (client mode): 0x185599a0
2024-12-18 11:59:20 - paramiko.transport - DEBUG - Local version/idstring: SSH-2.0-paramiko_2.6.0
2024-12-18 11:59:21 - paramiko.transport - DEBUG - Remote version/idstring: SSH-2.0-OpenSSH_9.7p1 Debian-5
2024-12-18 11:59:21 - paramiko.transport - INFO - Connected (version 2.0, client OpenSSH_9.7p1)
2024-12-18 11:59:21 - paramiko.transport - DEBUG - kex algos:['sntrup761x25519-sha512@openssh.com', 'curve25519-sha256', 'curve25519-sha256@libssh.org', 'ecdh-sha2-nistp256', 'ecdh-sha2-nistp384', 'ecdh-sha2-nistp521', 'diffie-hellman-group-exchange-sha256', 'diffie-hellman-group16-sha512', 'diffie-hellman-group18-sha512', 'diffie-hellman-group14-sha256', 'ext-info-s', 'kex-strict-s-v00@openssh.com'] server key:['rsa-sha2-512', 'rsa-sha2-256', 'ecdsa-sha2-nistp256', 'ssh-ed25519'] client encrypt:['chacha20-poly1305@openssh.com', 'aes128-ctr', 'aes192-ctr', 'aes256-ctr', 'aes128-gcm@openssh.com', 'aes256-gcm@openssh.com'] server encrypt:['chacha20-poly1305@openssh.com', 'aes128-ctr', 'aes192-ctr', 'aes256-ctr', 'aes128-gcm@openssh.com', 'aes256-gcm@openssh.com'] client mac:['umac-64-etm@openssh.com', 'umac-128-etm@openssh.com', 'hmac-sha2-256-etm@openssh.com', 'hmac-sha2-512-etm@openssh.com', 'hmac-sha1-etm@openssh.com', 'umac-64@openssh.com', 'umac-128@openssh.com', 'hmac-sha2-256', 'hmac-sha2-512', 'hmac-sha1'] server mac:['umac-64-etm@openssh.com', 'umac-128-etm@openssh.com', 'hmac-sha2-256-etm@openssh.com', 'hmac-sha2-512-etm@openssh.com', 'hmac-sha1-etm@openssh.com', 'umac-64@openssh.com', 'umac-128@openssh.com', 'hmac-sha2-256', 'hmac-sha2-512', 'hmac-sha1'] client compress:['none', 'zlib@openssh.com'] server compress:['none', 'zlib@openssh.com'] client lang:[''] server lang:[''] kex follows?False
2024-12-18 11:59:21 - paramiko.transport - DEBUG - Kex agreed: curve25519-sha256@libssh.org
2024-12-18 11:59:21 - paramiko.transport - DEBUG - HostKey agreed: ssh-ed25519
2024-12-18 11:59:21 - paramiko.transport - DEBUG - Cipher agreed: aes128-ctr
2024-12-18 11:59:21 - paramiko.transport - DEBUG - MAC agreed: hmac-sha2-256
2024-12-18 11:59:21 - paramiko.transport - DEBUG - Compression agreed: none
2024-12-18 11:59:21 - paramiko.transport - DEBUG - kex engine KexCurve25519 specified hash_algo <built-in function openssl_sha256>
2024-12-18 11:59:21 - paramiko.transport - DEBUG - Switch to new keys ...
2024-12-18 11:59:21 - paramiko.transport - DEBUG - Adding ssh-ed25519 host key for [localhost]:2222: b'440556c707c76a120614a09ee00fa49e'
2024-12-18 11:59:21 - paramiko.transport - DEBUG - Trying SSH agent key b'10eae2712e187764395d5489e5f62d81'
2024-12-18 11:59:21 - paramiko.transport - DEBUG - userauth is OK
2024-12-18 11:59:21 - paramiko.transport - INFO - Authentication (publickey) failed.
2024-12-18 11:59:21 - paramiko.transport - DEBUG - userauth is OK
2024-12-18 11:59:23 - paramiko.transport - INFO - Authentication (password) successful!
2024-12-18 11:59:23 - paramiko.transport - DEBUG - [chan 0] Max packet in: 32768 bytes
2024-12-18 11:59:23 - paramiko.transport - DEBUG - Received global request "hostkeys-00@openssh.com"
2024-12-18 11:59:23 - paramiko.transport - DEBUG - Rejecting "hostkeys-00@openssh.com" global request from server.
2024-12-18 11:59:23 - paramiko.transport - DEBUG - [chan 0] Max packet out: 32768 bytes
2024-12-18 11:59:23 - paramiko.transport - DEBUG - Secsh channel 0 opened.
2024-12-18 11:59:24 - paramiko.transport - DEBUG - [chan 0] Sesch channel 0 request ok
2024-12-18 11:59:37 - paramiko.transport - DEBUG - [chan 0] EOF received (0)
2024-12-18 11:59:37 - paramiko.transport - DEBUG - [chan 0] EOF sent (0)
2024-12-18 11:59:37 - paramiko.transport - DEBUG - EOF in transport thread
2024-12-18 11:59:37 - TE010 - INFO - Ping result:
PING 192.168.122.1 (192.168.122.1) 8972(9000) bytes of data.

--- 192.168.122.1 ping statistics ---
4 packets transmitted, 0 received, 100% packet loss, time 3077ms
2024-12-18 11:59:37 - TE010 - INFO - Restoring default MTU (1500)...
2024-12-18 11:59:37 - paramiko.transport - DEBUG - starting thread (client mode): 0x1854be90
2024-12-18 11:59:37 - paramiko.transport - DEBUG - Local version/idstring: SSH-2.0-paramiko_2.6.0
2024-12-18 11:59:38 - paramiko.transport - DEBUG - Remote version/idstring: SSH-2.0-OpenSSH_9.7p1 Debian-5
2024-12-18 11:59:38 - paramiko.transport - INFO - Connected (version 2.0, client OpenSSH_9.7p1)
2024-12-18 11:59:38 - paramiko.transport - DEBUG - kex algos:['sntrup761x25519-sha512@openssh.com', 'curve25519-sha256', 'curve25519-sha256@libssh.org', 'ecdh-sha2-nistp256', 'ecdh-sha2-nistp384', 'ecdh-sha2-nistp521', 'diffie-hellman-group-exchange-sha256', 'diffie-hellman-group16-sha512', 'diffie-hellman-group18-sha512', 'diffie-hellman-group14-sha256', 'ext-info-s', 'kex-strict-s-v00@openssh.com'] server key:['rsa-sha2-512', 'rsa-sha2-256', 'ecdsa-sha2-nistp256', 'ssh-ed25519'] client encrypt:['chacha20-poly1305@openssh.com', 'aes128-ctr', 'aes192-ctr', 'aes256-ctr', 'aes128-gcm@openssh.com', 'aes256-gcm@openssh.com'] server encrypt:['chacha20-poly1305@openssh.com', 'aes128-ctr', 'aes192-ctr', 'aes256-ctr', 'aes128-gcm@openssh.com', 'aes256-gcm@openssh.com'] client mac:['umac-64-etm@openssh.com', 'umac-128-etm@openssh.com', 'hmac-sha2-256-etm@openssh.com', 'hmac-sha2-512-etm@openssh.com', 'hmac-sha1-etm@openssh.com', 'umac-64@openssh.com', 'umac-128@openssh.com', 'hmac-sha2-256', 'hmac-sha2-512', 'hmac-sha1'] server mac:['umac-64-etm@openssh.com', 'umac-128-etm@openssh.com', 'hmac-sha2-256-etm@openssh.com', 'hmac-sha2-512-etm@openssh.com', 'hmac-sha1-etm@openssh.com', 'umac-64@openssh.com', 'umac-128@openssh.com', 'hmac-sha2-256', 'hmac-sha2-512', 'hmac-sha1'] client compress:['none', 'zlib@openssh.com'] server compress:['none', 'zlib@openssh.com'] client lang:[''] server lang:[''] kex follows?False
2024-12-18 11:59:38 - paramiko.transport - DEBUG - Kex agreed: curve25519-sha256@libssh.org
2024-12-18 11:59:38 - paramiko.transport - DEBUG - HostKey agreed: ssh-ed25519
2024-12-18 11:59:38 - paramiko.transport - DEBUG - Cipher agreed: aes128-ctr
2024-12-18 11:59:38 - paramiko.transport - DEBUG - MAC agreed: hmac-sha2-256
2024-12-18 11:59:38 - paramiko.transport - DEBUG - Compression agreed: none
2024-12-18 11:59:38 - paramiko.transport - DEBUG - kex engine KexCurve25519 specified hash_algo <built-in function openssl_sha256>
2024-12-18 11:59:38 - paramiko.transport - DEBUG - Switch to new keys ...
2024-12-18 11:59:38 - paramiko.transport - DEBUG - Adding ssh-ed25519 host key for [localhost]:2222: b'440556c707c76a120614a09ee00fa49e'
2024-12-18 11:59:38 - paramiko.transport - DEBUG - Trying SSH agent key b'10eae2712e187764395d5489e5f62d81'
2024-12-18 11:59:38 - paramiko.transport - DEBUG - userauth is OK
2024-12-18 11:59:38 - paramiko.transport - INFO - Authentication (publickey) failed.
2024-12-18 11:59:38 - paramiko.transport - DEBUG - userauth is OK
2024-12-18 11:59:39 - paramiko.transport - INFO - Authentication (password) successful!
2024-12-18 11:59:39 - paramiko.transport - DEBUG - [chan 0] Max packet in: 32768 bytes
2024-12-18 11:59:40 - paramiko.transport - DEBUG - Received global request "hostkeys-00@openssh.com"
2024-12-18 11:59:40 - paramiko.transport - DEBUG - Rejecting "hostkeys-00@openssh.com" global request from server.
2024-12-18 11:59:40 - paramiko.transport - DEBUG - [chan 0] Max packet out: 32768 bytes
2024-12-18 11:59:40 - paramiko.transport - DEBUG - Secsh channel 0 opened.
2024-12-18 11:59:40 - paramiko.transport - DEBUG - [chan 0] Sesch channel 0 request ok
2024-12-18 11:59:42 - paramiko.transport - DEBUG - [chan 0] EOF received (0)
2024-12-18 11:59:42 - paramiko.transport - DEBUG - [chan 0] EOF sent (0)
2024-12-18 11:59:42 - paramiko.transport - DEBUG - Dropping user packet because connection is dead.
2024-12-18 11:59:42 - paramiko.transport - DEBUG - EOF in transport thread
2024-12-18 11:59:42 - paramiko.transport - DEBUG - starting thread (client mode): 0x19730ef0
2024-12-18 11:59:42 - paramiko.transport - DEBUG - Local version/idstring: SSH-2.0-paramiko_2.6.0
2024-12-18 11:59:43 - paramiko.transport - DEBUG - Remote version/idstring: SSH-2.0-OpenSSH_9.7p1 Debian-5
2024-12-18 11:59:43 - paramiko.transport - INFO - Connected (version 2.0, client OpenSSH_9.7p1)
2024-12-18 11:59:43 - paramiko.transport - DEBUG - kex algos:['sntrup761x25519-sha512@openssh.com', 'curve25519-sha256', 'curve25519-sha256@libssh.org', 'ecdh-sha2-nistp256', 'ecdh-sha2-nistp384', 'ecdh-sha2-nistp521', 'diffie-hellman-group-exchange-sha256', 'diffie-hellman-group16-sha512', 'diffie-hellman-group18-sha512', 'diffie-hellman-group14-sha256', 'ext-info-s', 'kex-strict-s-v00@openssh.com'] server key:['rsa-sha2-512', 'rsa-sha2-256', 'ecdsa-sha2-nistp256', 'ssh-ed25519'] client encrypt:['chacha20-poly1305@openssh.com', 'aes128-ctr', 'aes192-ctr', 'aes256-ctr', 'aes128-gcm@openssh.com', 'aes256-gcm@openssh.com'] server encrypt:['chacha20-poly1305@openssh.com', 'aes128-ctr', 'aes192-ctr', 'aes256-ctr', 'aes128-gcm@openssh.com', 'aes256-gcm@openssh.com'] client mac:['umac-64-etm@openssh.com', 'umac-128-etm@openssh.com', 'hmac-sha2-256-etm@openssh.com', 'hmac-sha2-512-etm@openssh.com', 'hmac-sha1-etm@openssh.com', 'umac-64@openssh.com', 'umac-128@openssh.com', 'hmac-sha2-256', 'hmac-sha2-512', 'hmac-sha1'] server mac:['umac-64-etm@openssh.com', 'umac-128-etm@openssh.com', 'hmac-sha2-256-etm@openssh.com', 'hmac-sha2-512-etm@openssh.com', 'hmac-sha1-etm@openssh.com', 'umac-64@openssh.com', 'umac-128@openssh.com', 'hmac-sha2-256', 'hmac-sha2-512', 'hmac-sha1'] client compress:['none', 'zlib@openssh.com'] server compress:['none', 'zlib@openssh.com'] client lang:[''] server lang:[''] kex follows?False
2024-12-18 11:59:43 - paramiko.transport - DEBUG - Kex agreed: curve25519-sha256@libssh.org
2024-12-18 11:59:43 - paramiko.transport - DEBUG - HostKey agreed: ssh-ed25519
2024-12-18 11:59:43 - paramiko.transport - DEBUG - Cipher agreed: aes128-ctr
2024-12-18 11:59:43 - paramiko.transport - DEBUG - MAC agreed: hmac-sha2-256
2024-12-18 11:59:43 - paramiko.transport - DEBUG - Compression agreed: none
2024-12-18 11:59:43 - paramiko.transport - DEBUG - kex engine KexCurve25519 specified hash_algo <built-in function openssl_sha256>
2024-12-18 11:59:43 - paramiko.transport - DEBUG - Switch to new keys ...
2024-12-18 11:59:43 - paramiko.transport - DEBUG - Adding ssh-ed25519 host key for [localhost]:2222: b'440556c707c76a120614a09ee00fa49e'
2024-12-18 11:59:43 - paramiko.transport - DEBUG - Trying SSH agent key b'10eae2712e187764395d5489e5f62d81'
2024-12-18 11:59:43 - paramiko.transport - DEBUG - userauth is OK
2024-12-18 11:59:43 - paramiko.transport - INFO - Authentication (publickey) failed.
2024-12-18 11:59:43 - paramiko.transport - DEBUG - userauth is OK
2024-12-18 11:59:45 - paramiko.transport - INFO - Authentication (password) successful!
2024-12-18 11:59:45 - paramiko.transport - DEBUG - [chan 0] Max packet in: 32768 bytes
2024-12-18 11:59:46 - paramiko.transport - DEBUG - Received global request "hostkeys-00@openssh.com"
2024-12-18 11:59:46 - paramiko.transport - DEBUG - Rejecting "hostkeys-00@openssh.com" global request from server.
2024-12-18 11:59:46 - paramiko.transport - DEBUG - [chan 0] Max packet out: 32768 bytes
2024-12-18 11:59:46 - paramiko.transport - DEBUG - Secsh channel 0 opened.
2024-12-18 11:59:46 - paramiko.transport - DEBUG - [chan 0] Sesch channel 0 request ok
2024-12-18 11:59:46 - paramiko.transport - DEBUG - [chan 0] EOF received (0)
2024-12-18 11:59:46 - paramiko.transport - DEBUG - [chan 0] EOF sent (0)
2024-12-18 11:59:46 - TE010 - INFO - MTU after reset:
2: eth0: <BROADCAST,MULTICAST,UP,LOWER_UP> mtu 1500 qdisc fq_codel state UP mode DEFAULT group default qlen 1000
    link/ether 52:54:00:12:34:56 brd ff:ff:ff:ff:ff:ff
2024-12-18 11:59:46 - paramiko.transport - DEBUG - EOF in transport thread
