2024-12-18 12:03:46 - TE011 - INFO - Creating VLAN interface eth0.100...
2024-12-18 12:03:46 - paramiko.transport - DEBUG - starting thread (client mode): 0x185b8b90
2024-12-18 12:03:46 - paramiko.transport - DEBUG - Local version/idstring: SSH-2.0-paramiko_2.6.0
2024-12-18 12:03:47 - paramiko.transport - DEBUG - Remote version/idstring: SSH-2.0-OpenSSH_9.7p1 Debian-5
2024-12-18 12:03:47 - paramiko.transport - INFO - Connected (version 2.0, client OpenSSH_9.7p1)
2024-12-18 12:03:47 - paramiko.transport - DEBUG - kex algos:['sntrup761x25519-sha512@openssh.com', 'curve25519-sha256', 'curve25519-sha256@libssh.org', 'ecdh-sha2-nistp256', 'ecdh-sha2-nistp384', 'ecdh-sha2-nistp521', 'diffie-hellman-group-exchange-sha256', 'diffie-hellman-group16-sha512', 'diffie-hellman-group18-sha512', 'diffie-hellman-group14-sha256', 'ext-info-s', 'kex-strict-s-v00@openssh.com'] server key:['rsa-sha2-512', 'rsa-sha2-256', 'ecdsa-sha2-nistp256', 'ssh-ed25519'] client encrypt:['chacha20-poly1305@openssh.com', 'aes128-ctr', 'aes192-ctr', 'aes256-ctr', 'aes128-gcm@openssh.com', 'aes256-gcm@openssh.com'] server encrypt:['chacha20-poly1305@openssh.com', 'aes128-ctr', 'aes192-ctr', 'aes256-ctr', 'aes128-gcm@openssh.com', 'aes256-gcm@openssh.com'] client mac:['umac-64-etm@openssh.com', 'umac-128-etm@openssh.com', 'hmac-sha2-256-etm@openssh.com', 'hmac-sha2-512-etm@openssh.com', 'hmac-sha1-etm@openssh.com', 'umac-64@openssh.com', 'umac-128@openssh.com', 'hmac-sha2-256', 'hmac-sha2-512', 'hmac-sha1'] server mac:['umac-64-etm@openssh.com', 'umac-128-etm@openssh.com', 'hmac-sha2-256-etm@openssh.com', 'hmac-sha2-512-etm@openssh.com', 'hmac-sha1-etm@openssh.com', 'umac-64@openssh.com', 'umac-128@openssh.com', 'hmac-sha2-256', 'hmac-sha2-512', 'hmac-sha1'] client compress:['none', 'zlib@openssh.com'] server compress:['none', 'zlib@openssh.com'] client lang:[''] server lang:[''] kex follows?False
2024-12-18 12:03:47 - paramiko.transport - DEBUG - Kex agreed: curve25519-sha256@libssh.org
2024-12-18 12:03:47 - paramiko.transport - DEBUG - HostKey agreed: ssh-ed25519
2024-12-18 12:03:47 - paramiko.transport - DEBUG - Cipher agreed: aes128-ctr
2024-12-18 12:03:47 - paramiko.transport - DEBUG - MAC agreed: hmac-sha2-256
2024-12-18 12:03:47 - paramiko.transport - DEBUG - Compression agreed: none
2024-12-18 12:03:47 - paramiko.transport - DEBUG - kex engine KexCurve25519 specified hash_algo <built-in function openssl_sha256>
2024-12-18 12:03:47 - paramiko.transport - DEBUG - Switch to new keys ...
2024-12-18 12:03:47 - paramiko.transport - DEBUG - Adding ssh-ed25519 host key for [localhost]:2222: b'440556c707c76a120614a09ee00fa49e'
2024-12-18 12:03:47 - paramiko.transport - DEBUG - Trying SSH agent key b'10eae2712e187764395d5489e5f62d81'
2024-12-18 12:03:47 - paramiko.transport - DEBUG - userauth is OK
2024-12-18 12:03:47 - paramiko.transport - INFO - Authentication (publickey) failed.
2024-12-18 12:03:47 - paramiko.transport - DEBUG - userauth is OK
2024-12-18 12:03:49 - paramiko.transport - INFO - Authentication (password) successful!
2024-12-18 12:03:49 - paramiko.transport - DEBUG - [chan 0] Max packet in: 32768 bytes
2024-12-18 12:03:50 - paramiko.transport - DEBUG - Received global request "hostkeys-00@openssh.com"
2024-12-18 12:03:50 - paramiko.transport - DEBUG - Rejecting "hostkeys-00@openssh.com" global request from server.
2024-12-18 12:03:50 - paramiko.transport - DEBUG - [chan 0] Max packet out: 32768 bytes
2024-12-18 12:03:50 - paramiko.transport - DEBUG - Secsh channel 0 opened.
2024-12-18 12:03:50 - paramiko.transport - DEBUG - [chan 0] Sesch channel 0 request ok
2024-12-18 12:03:51 - paramiko.transport - DEBUG - [chan 0] EOF received (0)
2024-12-18 12:03:51 - paramiko.transport - DEBUG - starting thread (client mode): 0x185de180
2024-12-18 12:03:51 - paramiko.transport - DEBUG - EOF in transport thread
2024-12-18 12:03:51 - paramiko.transport - DEBUG - Local version/idstring: SSH-2.0-paramiko_2.6.0
2024-12-18 12:03:52 - paramiko.transport - DEBUG - Remote version/idstring: SSH-2.0-OpenSSH_9.7p1 Debian-5
2024-12-18 12:03:52 - paramiko.transport - INFO - Connected (version 2.0, client OpenSSH_9.7p1)
2024-12-18 12:03:52 - paramiko.transport - DEBUG - [chan 0] EOF sent (0)
2024-12-18 12:03:52 - paramiko.transport - DEBUG - Dropping user packet because connection is dead.
2024-12-18 12:03:52 - paramiko.transport - DEBUG - kex algos:['sntrup761x25519-sha512@openssh.com', 'curve25519-sha256', 'curve25519-sha256@libssh.org', 'ecdh-sha2-nistp256', 'ecdh-sha2-nistp384', 'ecdh-sha2-nistp521', 'diffie-hellman-group-exchange-sha256', 'diffie-hellman-group16-sha512', 'diffie-hellman-group18-sha512', 'diffie-hellman-group14-sha256', 'ext-info-s', 'kex-strict-s-v00@openssh.com'] server key:['rsa-sha2-512', 'rsa-sha2-256', 'ecdsa-sha2-nistp256', 'ssh-ed25519'] client encrypt:['chacha20-poly1305@openssh.com', 'aes128-ctr', 'aes192-ctr', 'aes256-ctr', 'aes128-gcm@openssh.com', 'aes256-gcm@openssh.com'] server encrypt:['chacha20-poly1305@openssh.com', 'aes128-ctr', 'aes192-ctr', 'aes256-ctr', 'aes128-gcm@openssh.com', 'aes256-gcm@openssh.com'] client mac:['umac-64-etm@openssh.com', 'umac-128-etm@openssh.com', 'hmac-sha2-256-etm@openssh.com', 'hmac-sha2-512-etm@openssh.com', 'hmac-sha1-etm@openssh.com', 'umac-64@openssh.com', 'umac-128@openssh.com', 'hmac-sha2-256', 'hmac-sha2-512', 'hmac-sha1'] server mac:['umac-64-etm@openssh.com', 'umac-128-etm@openssh.com', 'hmac-sha2-256-etm@openssh.com', 'hmac-sha2-512-etm@openssh.com', 'hmac-sha1-etm@openssh.com', 'umac-64@openssh.com', 'umac-128@openssh.com', 'hmac-sha2-256', 'hmac-sha2-512', 'hmac-sha1'] client compress:['none', 'zlib@openssh.com'] server compress:['none', 'zlib@openssh.com'] client lang:[''] server lang:[''] kex follows?False
2024-12-18 12:03:52 - paramiko.transport - DEBUG - Kex agreed: curve25519-sha256@libssh.org
2024-12-18 12:03:52 - paramiko.transport - DEBUG - HostKey agreed: ssh-ed25519
2024-12-18 12:03:52 - paramiko.transport - DEBUG - Cipher agreed: aes128-ctr
2024-12-18 12:03:52 - paramiko.transport - DEBUG - MAC agreed: hmac-sha2-256
2024-12-18 12:03:52 - paramiko.transport - DEBUG - Compression agreed: none
2024-12-18 12:03:52 - paramiko.transport - DEBUG - kex engine KexCurve25519 specified hash_algo <built-in function openssl_sha256>
2024-12-18 12:03:52 - paramiko.transport - DEBUG - Switch to new keys ...
2024-12-18 12:03:52 - paramiko.transport - DEBUG - Adding ssh-ed25519 host key for [localhost]:2222: b'440556c707c76a120614a09ee00fa49e'
2024-12-18 12:03:52 - paramiko.transport - DEBUG - Trying SSH agent key b'10eae2712e187764395d5489e5f62d81'
2024-12-18 12:03:52 - paramiko.transport - DEBUG - userauth is OK
2024-12-18 12:03:53 - paramiko.transport - INFO - Authentication (publickey) failed.
2024-12-18 12:03:53 - paramiko.transport - DEBUG - userauth is OK
2024-12-18 12:03:54 - paramiko.transport - INFO - Authentication (password) successful!
2024-12-18 12:03:54 - paramiko.transport - DEBUG - [chan 0] Max packet in: 32768 bytes
2024-12-18 12:03:55 - paramiko.transport - DEBUG - Received global request "hostkeys-00@openssh.com"
2024-12-18 12:03:55 - paramiko.transport - DEBUG - Rejecting "hostkeys-00@openssh.com" global request from server.
2024-12-18 12:03:55 - paramiko.transport - DEBUG - [chan 0] Max packet out: 32768 bytes
2024-12-18 12:03:55 - paramiko.transport - DEBUG - Secsh channel 0 opened.
2024-12-18 12:03:55 - paramiko.transport - DEBUG - [chan 0] Sesch channel 0 request ok
2024-12-18 12:03:55 - paramiko.transport - DEBUG - [chan 0] EOF received (0)
2024-12-18 12:03:55 - TE011 - INFO - VLAN interface creation output:
1: lo: <LOOPBACK,UP,LOWER_UP> mtu 65536 qdisc noqueue state UNKNOWN mode DEFAULT group default qlen 1000
    link/loopback 00:00:00:00:00:00 brd 00:00:00:00:00:00
2: eth0: <BROADCAST,MULTICAST,UP,LOWER_UP> mtu 1500 qdisc fq_codel state UP mode DEFAULT group default qlen 1000
    link/ether 52:54:00:12:34:56 brd ff:ff:ff:ff:ff:ff
3: eth0.100@eth0: <BROADCAST,MULTICAST> mtu 1500 qdisc noop state DOWN mode DEFAULT group default qlen 1000
    link/ether 52:54:00:12:34:56 brd ff:ff:ff:ff:ff:ff
2024-12-18 12:03:55 - TE011 - INFO - Assigning IP address 192.168.122.0/24 to eth0.100 and bringing it up...
2024-12-18 12:03:55 - paramiko.transport - DEBUG - starting thread (client mode): 0x185df440
2024-12-18 12:03:55 - paramiko.transport - DEBUG - Local version/idstring: SSH-2.0-paramiko_2.6.0
2024-12-18 12:03:56 - paramiko.transport - DEBUG - Remote version/idstring: SSH-2.0-OpenSSH_9.7p1 Debian-5
2024-12-18 12:03:56 - paramiko.transport - INFO - Connected (version 2.0, client OpenSSH_9.7p1)
2024-12-18 12:03:56 - paramiko.transport - DEBUG - kex algos:['sntrup761x25519-sha512@openssh.com', 'curve25519-sha256', 'curve25519-sha256@libssh.org', 'ecdh-sha2-nistp256', 'ecdh-sha2-nistp384', 'ecdh-sha2-nistp521', 'diffie-hellman-group-exchange-sha256', 'diffie-hellman-group16-sha512', 'diffie-hellman-group18-sha512', 'diffie-hellman-group14-sha256', 'ext-info-s', 'kex-strict-s-v00@openssh.com'] server key:['rsa-sha2-512', 'rsa-sha2-256', 'ecdsa-sha2-nistp256', 'ssh-ed25519'] client encrypt:['chacha20-poly1305@openssh.com', 'aes128-ctr', 'aes192-ctr', 'aes256-ctr', 'aes128-gcm@openssh.com', 'aes256-gcm@openssh.com'] server encrypt:['chacha20-poly1305@openssh.com', 'aes128-ctr', 'aes192-ctr', 'aes256-ctr', 'aes128-gcm@openssh.com', 'aes256-gcm@openssh.com'] client mac:['umac-64-etm@openssh.com', 'umac-128-etm@openssh.com', 'hmac-sha2-256-etm@openssh.com', 'hmac-sha2-512-etm@openssh.com', 'hmac-sha1-etm@openssh.com', 'umac-64@openssh.com', 'umac-128@openssh.com', 'hmac-sha2-256', 'hmac-sha2-512', 'hmac-sha1'] server mac:['umac-64-etm@openssh.com', 'umac-128-etm@openssh.com', 'hmac-sha2-256-etm@openssh.com', 'hmac-sha2-512-etm@openssh.com', 'hmac-sha1-etm@openssh.com', 'umac-64@openssh.com', 'umac-128@openssh.com', 'hmac-sha2-256', 'hmac-sha2-512', 'hmac-sha1'] client compress:['none', 'zlib@openssh.com'] server compress:['none', 'zlib@openssh.com'] client lang:[''] server lang:[''] kex follows?False
2024-12-18 12:03:56 - paramiko.transport - DEBUG - Kex agreed: curve25519-sha256@libssh.org
2024-12-18 12:03:56 - paramiko.transport - DEBUG - HostKey agreed: ssh-ed25519
2024-12-18 12:03:56 - paramiko.transport - DEBUG - Cipher agreed: aes128-ctr
2024-12-18 12:03:56 - paramiko.transport - DEBUG - MAC agreed: hmac-sha2-256
2024-12-18 12:03:56 - paramiko.transport - DEBUG - Compression agreed: none
2024-12-18 12:03:56 - paramiko.transport - DEBUG - kex engine KexCurve25519 specified hash_algo <built-in function openssl_sha256>
2024-12-18 12:03:56 - paramiko.transport - DEBUG - Switch to new keys ...
2024-12-18 12:03:56 - paramiko.transport - DEBUG - Adding ssh-ed25519 host key for [localhost]:2222: b'440556c707c76a120614a09ee00fa49e'
2024-12-18 12:03:56 - paramiko.transport - DEBUG - Trying SSH agent key b'10eae2712e187764395d5489e5f62d81'
2024-12-18 12:03:56 - paramiko.transport - DEBUG - userauth is OK
2024-12-18 12:03:56 - paramiko.transport - INFO - Authentication (publickey) failed.
2024-12-18 12:03:56 - paramiko.transport - DEBUG - userauth is OK
2024-12-18 12:03:57 - paramiko.transport - INFO - Authentication (password) successful!
2024-12-18 12:03:57 - paramiko.transport - DEBUG - [chan 0] Max packet in: 32768 bytes
2024-12-18 12:03:58 - paramiko.transport - DEBUG - Received global request "hostkeys-00@openssh.com"
2024-12-18 12:03:58 - paramiko.transport - DEBUG - Rejecting "hostkeys-00@openssh.com" global request from server.
2024-12-18 12:03:58 - paramiko.transport - DEBUG - [chan 0] Max packet out: 32768 bytes
2024-12-18 12:03:58 - paramiko.transport - DEBUG - Secsh channel 0 opened.
2024-12-18 12:03:58 - paramiko.transport - DEBUG - [chan 0] Sesch channel 0 request ok
2024-12-18 12:03:58 - paramiko.transport - DEBUG - [chan 0] EOF received (0)
2024-12-18 12:03:58 - paramiko.transport - DEBUG - [chan 0] EOF sent (0)
2024-12-18 12:03:58 - paramiko.transport - DEBUG - Dropping user packet because connection is dead.
2024-12-18 12:03:58 - paramiko.transport - DEBUG - [chan 0] EOF sent (0)
2024-12-18 12:03:58 - paramiko.transport - DEBUG - Dropping user packet because connection is dead.
2024-12-18 12:03:58 - paramiko.transport - DEBUG - starting thread (client mode): 0x185ed850
2024-12-18 12:03:58 - paramiko.transport - DEBUG - Local version/idstring: SSH-2.0-paramiko_2.6.0
2024-12-18 12:03:59 - paramiko.transport - DEBUG - Remote version/idstring: SSH-2.0-OpenSSH_9.7p1 Debian-5
2024-12-18 12:03:59 - paramiko.transport - INFO - Connected (version 2.0, client OpenSSH_9.7p1)
2024-12-18 12:03:59 - paramiko.transport - DEBUG - kex algos:['sntrup761x25519-sha512@openssh.com', 'curve25519-sha256', 'curve25519-sha256@libssh.org', 'ecdh-sha2-nistp256', 'ecdh-sha2-nistp384', 'ecdh-sha2-nistp521', 'diffie-hellman-group-exchange-sha256', 'diffie-hellman-group16-sha512', 'diffie-hellman-group18-sha512', 'diffie-hellman-group14-sha256', 'ext-info-s', 'kex-strict-s-v00@openssh.com'] server key:['rsa-sha2-512', 'rsa-sha2-256', 'ecdsa-sha2-nistp256', 'ssh-ed25519'] client encrypt:['chacha20-poly1305@openssh.com', 'aes128-ctr', 'aes192-ctr', 'aes256-ctr', 'aes128-gcm@openssh.com', 'aes256-gcm@openssh.com'] server encrypt:['chacha20-poly1305@openssh.com', 'aes128-ctr', 'aes192-ctr', 'aes256-ctr', 'aes128-gcm@openssh.com', 'aes256-gcm@openssh.com'] client mac:['umac-64-etm@openssh.com', 'umac-128-etm@openssh.com', 'hmac-sha2-256-etm@openssh.com', 'hmac-sha2-512-etm@openssh.com', 'hmac-sha1-etm@openssh.com', 'umac-64@openssh.com', 'umac-128@openssh.com', 'hmac-sha2-256', 'hmac-sha2-512', 'hmac-sha1'] server mac:['umac-64-etm@openssh.com', 'umac-128-etm@openssh.com', 'hmac-sha2-256-etm@openssh.com', 'hmac-sha2-512-etm@openssh.com', 'hmac-sha1-etm@openssh.com', 'umac-64@openssh.com', 'umac-128@openssh.com', 'hmac-sha2-256', 'hmac-sha2-512', 'hmac-sha1'] client compress:['none', 'zlib@openssh.com'] server compress:['none', 'zlib@openssh.com'] client lang:[''] server lang:[''] kex follows?False
2024-12-18 12:03:59 - paramiko.transport - DEBUG - Kex agreed: curve25519-sha256@libssh.org
2024-12-18 12:03:59 - paramiko.transport - DEBUG - HostKey agreed: ssh-ed25519
2024-12-18 12:03:59 - paramiko.transport - DEBUG - Cipher agreed: aes128-ctr
2024-12-18 12:03:59 - paramiko.transport - DEBUG - MAC agreed: hmac-sha2-256
2024-12-18 12:03:59 - paramiko.transport - DEBUG - Compression agreed: none
2024-12-18 12:03:59 - paramiko.transport - DEBUG - kex engine KexCurve25519 specified hash_algo <built-in function openssl_sha256>
2024-12-18 12:03:59 - paramiko.transport - DEBUG - Switch to new keys ...
2024-12-18 12:03:59 - paramiko.transport - DEBUG - Adding ssh-ed25519 host key for [localhost]:2222: b'440556c707c76a120614a09ee00fa49e'
2024-12-18 12:03:59 - paramiko.transport - DEBUG - Trying SSH agent key b'10eae2712e187764395d5489e5f62d81'
2024-12-18 12:03:59 - paramiko.transport - DEBUG - userauth is OK
2024-12-18 12:03:59 - paramiko.transport - INFO - Authentication (publickey) failed.
2024-12-18 12:03:59 - paramiko.transport - DEBUG - userauth is OK
2024-12-18 12:04:00 - paramiko.transport - INFO - Authentication (password) successful!
2024-12-18 12:04:00 - paramiko.transport - DEBUG - [chan 0] Max packet in: 32768 bytes
2024-12-18 12:04:01 - paramiko.transport - DEBUG - Received global request "hostkeys-00@openssh.com"
2024-12-18 12:04:01 - paramiko.transport - DEBUG - Rejecting "hostkeys-00@openssh.com" global request from server.
2024-12-18 12:04:01 - paramiko.transport - DEBUG - [chan 0] Max packet out: 32768 bytes
2024-12-18 12:04:01 - paramiko.transport - DEBUG - Secsh channel 0 opened.
2024-12-18 12:04:01 - paramiko.transport - DEBUG - [chan 0] Sesch channel 0 request ok
2024-12-18 12:04:01 - paramiko.transport - DEBUG - [chan 0] EOF received (0)
2024-12-18 12:04:01 - paramiko.transport - DEBUG - [chan 0] EOF sent (0)
2024-12-18 12:04:01 - paramiko.transport - DEBUG - starting thread (client mode): 0x185edf10
2024-12-18 12:04:01 - paramiko.transport - DEBUG - Local version/idstring: SSH-2.0-paramiko_2.6.0
2024-12-18 12:04:01 - paramiko.transport - DEBUG - EOF in transport thread
2024-12-18 12:04:02 - paramiko.transport - DEBUG - Remote version/idstring: SSH-2.0-OpenSSH_9.7p1 Debian-5
2024-12-18 12:04:02 - paramiko.transport - INFO - Connected (version 2.0, client OpenSSH_9.7p1)
2024-12-18 12:04:02 - paramiko.transport - DEBUG - kex algos:['sntrup761x25519-sha512@openssh.com', 'curve25519-sha256', 'curve25519-sha256@libssh.org', 'ecdh-sha2-nistp256', 'ecdh-sha2-nistp384', 'ecdh-sha2-nistp521', 'diffie-hellman-group-exchange-sha256', 'diffie-hellman-group16-sha512', 'diffie-hellman-group18-sha512', 'diffie-hellman-group14-sha256', 'ext-info-s', 'kex-strict-s-v00@openssh.com'] server key:['rsa-sha2-512', 'rsa-sha2-256', 'ecdsa-sha2-nistp256', 'ssh-ed25519'] client encrypt:['chacha20-poly1305@openssh.com', 'aes128-ctr', 'aes192-ctr', 'aes256-ctr', 'aes128-gcm@openssh.com', 'aes256-gcm@openssh.com'] server encrypt:['chacha20-poly1305@openssh.com', 'aes128-ctr', 'aes192-ctr', 'aes256-ctr', 'aes128-gcm@openssh.com', 'aes256-gcm@openssh.com'] client mac:['umac-64-etm@openssh.com', 'umac-128-etm@openssh.com', 'hmac-sha2-256-etm@openssh.com', 'hmac-sha2-512-etm@openssh.com', 'hmac-sha1-etm@openssh.com', 'umac-64@openssh.com', 'umac-128@openssh.com', 'hmac-sha2-256', 'hmac-sha2-512', 'hmac-sha1'] server mac:['umac-64-etm@openssh.com', 'umac-128-etm@openssh.com', 'hmac-sha2-256-etm@openssh.com', 'hmac-sha2-512-etm@openssh.com', 'hmac-sha1-etm@openssh.com', 'umac-64@openssh.com', 'umac-128@openssh.com', 'hmac-sha2-256', 'hmac-sha2-512', 'hmac-sha1'] client compress:['none', 'zlib@openssh.com'] server compress:['none', 'zlib@openssh.com'] client lang:[''] server lang:[''] kex follows?False
2024-12-18 12:04:02 - paramiko.transport - DEBUG - Kex agreed: curve25519-sha256@libssh.org
2024-12-18 12:04:02 - paramiko.transport - DEBUG - HostKey agreed: ssh-ed25519
2024-12-18 12:04:02 - paramiko.transport - DEBUG - Cipher agreed: aes128-ctr
2024-12-18 12:04:02 - paramiko.transport - DEBUG - MAC agreed: hmac-sha2-256
2024-12-18 12:04:02 - paramiko.transport - DEBUG - Compression agreed: none
2024-12-18 12:04:02 - paramiko.transport - DEBUG - kex engine KexCurve25519 specified hash_algo <built-in function openssl_sha256>
2024-12-18 12:04:02 - paramiko.transport - DEBUG - Switch to new keys ...
2024-12-18 12:04:02 - paramiko.transport - DEBUG - Adding ssh-ed25519 host key for [localhost]:2222: b'440556c707c76a120614a09ee00fa49e'
2024-12-18 12:04:02 - paramiko.transport - DEBUG - Trying SSH agent key b'10eae2712e187764395d5489e5f62d81'
2024-12-18 12:04:02 - paramiko.transport - DEBUG - userauth is OK
2024-12-18 12:04:02 - paramiko.transport - INFO - Authentication (publickey) failed.
2024-12-18 12:04:02 - paramiko.transport - DEBUG - userauth is OK
2024-12-18 12:04:03 - paramiko.transport - INFO - Authentication (password) successful!
2024-12-18 12:04:03 - paramiko.transport - DEBUG - [chan 0] Max packet in: 32768 bytes
2024-12-18 12:04:03 - paramiko.transport - DEBUG - Received global request "hostkeys-00@openssh.com"
2024-12-18 12:04:03 - paramiko.transport - DEBUG - Rejecting "hostkeys-00@openssh.com" global request from server.
2024-12-18 12:04:03 - paramiko.transport - DEBUG - [chan 0] Max packet out: 32768 bytes
2024-12-18 12:04:03 - paramiko.transport - DEBUG - Secsh channel 0 opened.
2024-12-18 12:04:03 - paramiko.transport - DEBUG - [chan 0] Sesch channel 0 request ok
2024-12-18 12:04:04 - paramiko.transport - DEBUG - [chan 0] EOF received (0)
2024-12-18 12:04:04 - paramiko.transport - DEBUG - [chan 0] EOF sent (0)
2024-12-18 12:04:04 - TE011 - INFO - IP address assignment output:
3: eth0.100@eth0: <BROADCAST,MULTICAST,UP,LOWER_UP> mtu 1500 qdisc noqueue state UP group default qlen 1000
    link/ether 52:54:00:12:34:56 brd ff:ff:ff:ff:ff:ff
    inet 192.168.122.0/24 scope global eth0.100
       valid_lft forever preferred_lft forever
    inet6 fe80::5054:ff:fe12:3456/64 scope link proto kernel_ll 
       valid_lft forever preferred_lft forever
2024-12-18 12:04:04 - TE011 - INFO - Testing connectivity to VLAN gateway 192.168.122.1...
2024-12-18 12:04:04 - paramiko.transport - DEBUG - starting thread (client mode): 0x186044d0
2024-12-18 12:04:04 - paramiko.transport - DEBUG - Local version/idstring: SSH-2.0-paramiko_2.6.0
2024-12-18 12:04:04 - paramiko.transport - DEBUG - EOF in transport thread
2024-12-18 12:04:04 - paramiko.transport - DEBUG - Remote version/idstring: SSH-2.0-OpenSSH_9.7p1 Debian-5
2024-12-18 12:04:04 - paramiko.transport - INFO - Connected (version 2.0, client OpenSSH_9.7p1)
2024-12-18 12:04:04 - paramiko.transport - DEBUG - kex algos:['sntrup761x25519-sha512@openssh.com', 'curve25519-sha256', 'curve25519-sha256@libssh.org', 'ecdh-sha2-nistp256', 'ecdh-sha2-nistp384', 'ecdh-sha2-nistp521', 'diffie-hellman-group-exchange-sha256', 'diffie-hellman-group16-sha512', 'diffie-hellman-group18-sha512', 'diffie-hellman-group14-sha256', 'ext-info-s', 'kex-strict-s-v00@openssh.com'] server key:['rsa-sha2-512', 'rsa-sha2-256', 'ecdsa-sha2-nistp256', 'ssh-ed25519'] client encrypt:['chacha20-poly1305@openssh.com', 'aes128-ctr', 'aes192-ctr', 'aes256-ctr', 'aes128-gcm@openssh.com', 'aes256-gcm@openssh.com'] server encrypt:['chacha20-poly1305@openssh.com', 'aes128-ctr', 'aes192-ctr', 'aes256-ctr', 'aes128-gcm@openssh.com', 'aes256-gcm@openssh.com'] client mac:['umac-64-etm@openssh.com', 'umac-128-etm@openssh.com', 'hmac-sha2-256-etm@openssh.com', 'hmac-sha2-512-etm@openssh.com', 'hmac-sha1-etm@openssh.com', 'umac-64@openssh.com', 'umac-128@openssh.com', 'hmac-sha2-256', 'hmac-sha2-512', 'hmac-sha1'] server mac:['umac-64-etm@openssh.com', 'umac-128-etm@openssh.com', 'hmac-sha2-256-etm@openssh.com', 'hmac-sha2-512-etm@openssh.com', 'hmac-sha1-etm@openssh.com', 'umac-64@openssh.com', 'umac-128@openssh.com', 'hmac-sha2-256', 'hmac-sha2-512', 'hmac-sha1'] client compress:['none', 'zlib@openssh.com'] server compress:['none', 'zlib@openssh.com'] client lang:[''] server lang:[''] kex follows?False
2024-12-18 12:04:04 - paramiko.transport - DEBUG - Kex agreed: curve25519-sha256@libssh.org
2024-12-18 12:04:04 - paramiko.transport - DEBUG - HostKey agreed: ssh-ed25519
2024-12-18 12:04:04 - paramiko.transport - DEBUG - Cipher agreed: aes128-ctr
2024-12-18 12:04:04 - paramiko.transport - DEBUG - MAC agreed: hmac-sha2-256
2024-12-18 12:04:04 - paramiko.transport - DEBUG - Compression agreed: none
2024-12-18 12:04:05 - paramiko.transport - DEBUG - kex engine KexCurve25519 specified hash_algo <built-in function openssl_sha256>
2024-12-18 12:04:05 - paramiko.transport - DEBUG - Switch to new keys ...
2024-12-18 12:04:05 - paramiko.transport - DEBUG - Adding ssh-ed25519 host key for [localhost]:2222: b'440556c707c76a120614a09ee00fa49e'
2024-12-18 12:04:05 - paramiko.transport - DEBUG - Trying SSH agent key b'10eae2712e187764395d5489e5f62d81'
2024-12-18 12:04:05 - paramiko.transport - DEBUG - userauth is OK
2024-12-18 12:04:05 - paramiko.transport - INFO - Authentication (publickey) failed.
2024-12-18 12:04:05 - paramiko.transport - DEBUG - userauth is OK
2024-12-18 12:04:05 - paramiko.transport - INFO - Authentication (password) successful!
2024-12-18 12:04:05 - paramiko.transport - DEBUG - [chan 0] Max packet in: 32768 bytes
2024-12-18 12:04:06 - paramiko.transport - DEBUG - Received global request "hostkeys-00@openssh.com"
2024-12-18 12:04:06 - paramiko.transport - DEBUG - Rejecting "hostkeys-00@openssh.com" global request from server.
2024-12-18 12:04:06 - paramiko.transport - DEBUG - [chan 0] Max packet out: 32768 bytes
2024-12-18 12:04:06 - paramiko.transport - DEBUG - Secsh channel 0 opened.
2024-12-18 12:04:06 - paramiko.transport - DEBUG - [chan 0] Sesch channel 0 request ok
2024-12-18 12:04:12 - paramiko.transport - DEBUG - [chan 0] EOF received (0)
2024-12-18 12:04:12 - TE011 - INFO - Ping result:
PING 192.168.122.1 (192.168.122.1) 56(84) bytes of data.
From 192.168.122.0 icmp_seq=1 Destination Host Unreachable
From 192.168.122.0 icmp_seq=2 Destination Host Unreachable
From 192.168.122.0 icmp_seq=3 Destination Host Unreachable
From 192.168.122.0 icmp_seq=4 Destination Host Unreachable

--- 192.168.122.1 ping statistics ---
4 packets transmitted, 0 received, +4 errors, 100% packet loss, time 3107ms
pipe 4
2024-12-18 12:04:12 - TE011 - INFO - Removing VLAN interface eth0.100...
2024-12-18 12:04:12 - paramiko.transport - DEBUG - starting thread (client mode): 0x18605f40
2024-12-18 12:04:12 - paramiko.transport - DEBUG - Local version/idstring: SSH-2.0-paramiko_2.6.0
2024-12-18 12:04:13 - paramiko.transport - DEBUG - EOF in transport thread
2024-12-18 12:04:13 - paramiko.transport - DEBUG - Remote version/idstring: SSH-2.0-OpenSSH_9.7p1 Debian-5
2024-12-18 12:04:13 - paramiko.transport - INFO - Connected (version 2.0, client OpenSSH_9.7p1)
2024-12-18 12:04:13 - paramiko.transport - DEBUG - kex algos:['sntrup761x25519-sha512@openssh.com', 'curve25519-sha256', 'curve25519-sha256@libssh.org', 'ecdh-sha2-nistp256', 'ecdh-sha2-nistp384', 'ecdh-sha2-nistp521', 'diffie-hellman-group-exchange-sha256', 'diffie-hellman-group16-sha512', 'diffie-hellman-group18-sha512', 'diffie-hellman-group14-sha256', 'ext-info-s', 'kex-strict-s-v00@openssh.com'] server key:['rsa-sha2-512', 'rsa-sha2-256', 'ecdsa-sha2-nistp256', 'ssh-ed25519'] client encrypt:['chacha20-poly1305@openssh.com', 'aes128-ctr', 'aes192-ctr', 'aes256-ctr', 'aes128-gcm@openssh.com', 'aes256-gcm@openssh.com'] server encrypt:['chacha20-poly1305@openssh.com', 'aes128-ctr', 'aes192-ctr', 'aes256-ctr', 'aes128-gcm@openssh.com', 'aes256-gcm@openssh.com'] client mac:['umac-64-etm@openssh.com', 'umac-128-etm@openssh.com', 'hmac-sha2-256-etm@openssh.com', 'hmac-sha2-512-etm@openssh.com', 'hmac-sha1-etm@openssh.com', 'umac-64@openssh.com', 'umac-128@openssh.com', 'hmac-sha2-256', 'hmac-sha2-512', 'hmac-sha1'] server mac:['umac-64-etm@openssh.com', 'umac-128-etm@openssh.com', 'hmac-sha2-256-etm@openssh.com', 'hmac-sha2-512-etm@openssh.com', 'hmac-sha1-etm@openssh.com', 'umac-64@openssh.com', 'umac-128@openssh.com', 'hmac-sha2-256', 'hmac-sha2-512', 'hmac-sha1'] client compress:['none', 'zlib@openssh.com'] server compress:['none', 'zlib@openssh.com'] client lang:[''] server lang:[''] kex follows?False
2024-12-18 12:04:13 - paramiko.transport - DEBUG - Kex agreed: curve25519-sha256@libssh.org
2024-12-18 12:04:13 - paramiko.transport - DEBUG - HostKey agreed: ssh-ed25519
2024-12-18 12:04:13 - paramiko.transport - DEBUG - Cipher agreed: aes128-ctr
2024-12-18 12:04:13 - paramiko.transport - DEBUG - MAC agreed: hmac-sha2-256
2024-12-18 12:04:13 - paramiko.transport - DEBUG - Compression agreed: none
2024-12-18 12:04:13 - paramiko.transport - DEBUG - kex engine KexCurve25519 specified hash_algo <built-in function openssl_sha256>
2024-12-18 12:04:13 - paramiko.transport - DEBUG - Switch to new keys ...
2024-12-18 12:04:13 - paramiko.transport - DEBUG - Adding ssh-ed25519 host key for [localhost]:2222: b'440556c707c76a120614a09ee00fa49e'
2024-12-18 12:04:13 - paramiko.transport - DEBUG - Trying SSH agent key b'10eae2712e187764395d5489e5f62d81'
2024-12-18 12:04:13 - paramiko.transport - DEBUG - userauth is OK
2024-12-18 12:04:13 - paramiko.transport - INFO - Authentication (publickey) failed.
2024-12-18 12:04:13 - paramiko.transport - DEBUG - userauth is OK
2024-12-18 12:04:15 - paramiko.transport - INFO - Authentication (password) successful!
2024-12-18 12:04:15 - paramiko.transport - DEBUG - [chan 0] EOF sent (0)
2024-12-18 12:04:15 - paramiko.transport - DEBUG - Dropping user packet because connection is dead.
2024-12-18 12:04:15 - paramiko.transport - DEBUG - [chan 0] Max packet in: 32768 bytes
2024-12-18 12:04:15 - paramiko.transport - DEBUG - Received global request "hostkeys-00@openssh.com"
2024-12-18 12:04:15 - paramiko.transport - DEBUG - Rejecting "hostkeys-00@openssh.com" global request from server.
2024-12-18 12:04:15 - paramiko.transport - DEBUG - [chan 0] Max packet out: 32768 bytes
2024-12-18 12:04:15 - paramiko.transport - DEBUG - Secsh channel 0 opened.
2024-12-18 12:04:15 - paramiko.transport - DEBUG - [chan 0] Sesch channel 0 request ok
2024-12-18 12:04:16 - paramiko.transport - DEBUG - [chan 0] EOF received (0)
2024-12-18 12:04:16 - paramiko.transport - DEBUG - [chan 0] EOF sent (0)
2024-12-18 12:04:16 - paramiko.transport - DEBUG - starting thread (client mode): 0x18606930
2024-12-18 12:04:16 - paramiko.transport - DEBUG - Local version/idstring: SSH-2.0-paramiko_2.6.0
2024-12-18 12:04:16 - paramiko.transport - DEBUG - EOF in transport thread
2024-12-18 12:04:17 - paramiko.transport - DEBUG - Remote version/idstring: SSH-2.0-OpenSSH_9.7p1 Debian-5
2024-12-18 12:04:17 - paramiko.transport - INFO - Connected (version 2.0, client OpenSSH_9.7p1)
2024-12-18 12:04:17 - paramiko.transport - DEBUG - kex algos:['sntrup761x25519-sha512@openssh.com', 'curve25519-sha256', 'curve25519-sha256@libssh.org', 'ecdh-sha2-nistp256', 'ecdh-sha2-nistp384', 'ecdh-sha2-nistp521', 'diffie-hellman-group-exchange-sha256', 'diffie-hellman-group16-sha512', 'diffie-hellman-group18-sha512', 'diffie-hellman-group14-sha256', 'ext-info-s', 'kex-strict-s-v00@openssh.com'] server key:['rsa-sha2-512', 'rsa-sha2-256', 'ecdsa-sha2-nistp256', 'ssh-ed25519'] client encrypt:['chacha20-poly1305@openssh.com', 'aes128-ctr', 'aes192-ctr', 'aes256-ctr', 'aes128-gcm@openssh.com', 'aes256-gcm@openssh.com'] server encrypt:['chacha20-poly1305@openssh.com', 'aes128-ctr', 'aes192-ctr', 'aes256-ctr', 'aes128-gcm@openssh.com', 'aes256-gcm@openssh.com'] client mac:['umac-64-etm@openssh.com', 'umac-128-etm@openssh.com', 'hmac-sha2-256-etm@openssh.com', 'hmac-sha2-512-etm@openssh.com', 'hmac-sha1-etm@openssh.com', 'umac-64@openssh.com', 'umac-128@openssh.com', 'hmac-sha2-256', 'hmac-sha2-512', 'hmac-sha1'] server mac:['umac-64-etm@openssh.com', 'umac-128-etm@openssh.com', 'hmac-sha2-256-etm@openssh.com', 'hmac-sha2-512-etm@openssh.com', 'hmac-sha1-etm@openssh.com', 'umac-64@openssh.com', 'umac-128@openssh.com', 'hmac-sha2-256', 'hmac-sha2-512', 'hmac-sha1'] client compress:['none', 'zlib@openssh.com'] server compress:['none', 'zlib@openssh.com'] client lang:[''] server lang:[''] kex follows?False
2024-12-18 12:04:17 - paramiko.transport - DEBUG - Kex agreed: curve25519-sha256@libssh.org
2024-12-18 12:04:17 - paramiko.transport - DEBUG - HostKey agreed: ssh-ed25519
2024-12-18 12:04:17 - paramiko.transport - DEBUG - Cipher agreed: aes128-ctr
2024-12-18 12:04:17 - paramiko.transport - DEBUG - MAC agreed: hmac-sha2-256
2024-12-18 12:04:17 - paramiko.transport - DEBUG - Compression agreed: none
2024-12-18 12:04:18 - paramiko.transport - DEBUG - kex engine KexCurve25519 specified hash_algo <built-in function openssl_sha256>
2024-12-18 12:04:18 - paramiko.transport - DEBUG - Switch to new keys ...
2024-12-18 12:04:18 - paramiko.transport - DEBUG - Adding ssh-ed25519 host key for [localhost]:2222: b'440556c707c76a120614a09ee00fa49e'
2024-12-18 12:04:18 - paramiko.transport - DEBUG - Trying SSH agent key b'10eae2712e187764395d5489e5f62d81'
2024-12-18 12:04:18 - paramiko.transport - DEBUG - userauth is OK
2024-12-18 12:04:18 - paramiko.transport - INFO - Authentication (publickey) failed.
2024-12-18 12:04:18 - paramiko.transport - DEBUG - userauth is OK
2024-12-18 12:04:19 - paramiko.transport - INFO - Authentication (password) successful!
2024-12-18 12:04:19 - paramiko.transport - DEBUG - [chan 0] Max packet in: 32768 bytes
2024-12-18 12:04:20 - paramiko.transport - DEBUG - Received global request "hostkeys-00@openssh.com"
2024-12-18 12:04:20 - paramiko.transport - DEBUG - Rejecting "hostkeys-00@openssh.com" global request from server.
2024-12-18 12:04:20 - paramiko.transport - DEBUG - [chan 0] Max packet out: 32768 bytes
2024-12-18 12:04:20 - paramiko.transport - DEBUG - Secsh channel 0 opened.
2024-12-18 12:04:20 - paramiko.transport - DEBUG - [chan 0] Sesch channel 0 request ok
2024-12-18 12:04:20 - paramiko.transport - DEBUG - [chan 0] EOF received (0)
2024-12-18 12:04:20 - TE011 - INFO - VLAN interface removal output:
1: lo: <LOOPBACK,UP,LOWER_UP> mtu 65536 qdisc noqueue state UNKNOWN mode DEFAULT group default qlen 1000
    link/loopback 00:00:00:00:00:00 brd 00:00:00:00:00:00
2: eth0: <BROADCAST,MULTICAST,UP,LOWER_UP> mtu 1500 qdisc fq_codel state UP mode DEFAULT group default qlen 1000
    link/ether 52:54:00:12:34:56 brd ff:ff:ff:ff:ff:ff
2024-12-18 12:04:20 - paramiko.transport - DEBUG - [chan 0] EOF sent (0)
2024-12-18 12:04:20 - paramiko.transport - DEBUG - Dropping user packet because connection is dead.
